{"meta": {"format": 3, "version": "7.12.0", "timestamp": "2026-06-03T13:05:09.718142", "branch_coverage": false, "show_contexts": false}, "files": {"app\\__init__.py": {"executed_lines": [1], "summary": {"covered_lines": 0, "num_statements": 0, "percent_covered": 100.0, "percent_covered_display": "100", "missing_lines": 0, "excluded_lines": 0, "percent_statements_covered": 100.0, "percent_statements_covered_display": "100"}, "missing_lines": [], "excluded_lines": [], "functions": {"": {"executed_lines": [1], "summary": {"covered_lines": 0, "num_statements": 0, "percent_covered": 100.0, "percent_covered_display": "100", "missing_lines": 0, "excluded_lines": 0, "percent_statements_covered": 100.0, "percent_statements_covered_display": "100"}, "missing_lines": [], "excluded_lines": []}}, "classes": {"": {"executed_lines": [1], "summary": {"covered_lines": 0, "num_statements": 0, "percent_covered": 100.0, "percent_covered_display": "100", "missing_lines": 0, "excluded_lines": 0, "percent_statements_covered": 100.0, "percent_statements_covered_display": "100"}, "missing_lines": [], "excluded_lines": []}}}, "app\\api\\__init__.py": {"executed_lines": [1], "summary": {"covered_lines": 0, "num_statements": 0, "percent_covered": 100.0, "percent_covered_display": "100", "missing_lines": 0, "excluded_lines": 0, "percent_statements_covered": 100.0, "percent_statements_covered_display": "100"}, "missing_lines": [], "excluded_lines": [], "functions": {"": {"executed_lines": [1], "summary": {"covered_lines": 0, "num_statements": 0, "percent_covered": 100.0, "percent_covered_display": "100", "missing_lines": 0, "excluded_lines": 0, "percent_statements_covered": 100.0, "percent_statements_covered_display": "100"}, "missing_lines": [], "excluded_lines": []}}, "classes": {"": {"executed_lines": [1], "summary": {"covered_lines": 0, "num_statements": 0, "percent_covered": 100.0, "percent_covered_display": "100", "missing_lines": 0, "excluded_lines": 0, "percent_statements_covered": 100.0, "percent_statements_covered_display": "100"}, "missing_lines": [], "excluded_lines": []}}}, "app\\api\\v1\\__init__.py": {"executed_lines": [1], "summary": {"covered_lines": 0, "num_statements": 0, "percent_covered": 100.0, "percent_covered_display": "100", "missing_lines": 0, "excluded_lines": 0, "percent_statements_covered": 100.0, "percent_statements_covered_display": "100"}, "missing_lines": [], "excluded_lines": [], "functions": {"": {"executed_lines": [1], "summary": {"covered_lines": 0, "num_statements": 0, "percent_covered": 100.0, "percent_covered_display": "100", "missing_lines": 0, "excluded_lines": 0, "percent_statements_covered": 100.0, "percent_statements_covered_display": "100"}, "missing_lines": [], "excluded_lines": []}}, "classes": {"": {"executed_lines": [1], "summary": {"covered_lines": 0, "num_statements": 0, "percent_covered": 100.0, "percent_covered_display": "100", "missing_lines": 0, "excluded_lines": 0, "percent_statements_covered": 100.0, "percent_statements_covered_display": "100"}, "missing_lines": [], "excluded_lines": []}}}, "app\\api\\v1\\routers\\__init__.py": {"executed_lines": [1], "summary": {"covered_lines": 0, "num_statements": 0, "percent_covered": 100.0, "percent_covered_display": "100", "missing_lines": 0, "excluded_lines": 0, "percent_statements_covered": 100.0, "percent_statements_covered_display": "100"}, "missing_lines": [], "excluded_lines": [], "functions": {"": {"executed_lines": [1], "summary": {"covered_lines": 0, "num_statements": 0, "percent_covered": 100.0, "percent_covered_display": "100", "missing_lines": 0, "excluded_lines": 0, "percent_statements_covered": 100.0, "percent_statements_covered_display": "100"}, "missing_lines": [], "excluded_lines": []}}, "classes": {"": {"executed_lines": [1], "summary": {"covered_lines": 0, "num_statements": 0, "percent_covered": 100.0, "percent_covered_display": "100", "missing_lines": 0, "excluded_lines": 0, "percent_statements_covered": 100.0, "percent_statements_covered_display": "100"}, "missing_lines": [], "excluded_lines": []}}}, "app\\api\\v1\\routers\\asignaciones.py": {"executed_lines": [1, 12, 14, 15, 17, 18, 20, 21, 22, 23, 28, 34, 37, 38, 71, 76, 94, 95, 113, 117, 139, 143], "summary": {"covered_lines": 21, "num_statements": 49, "percent_covered": 42.857142857142854, "percent_covered_display": "43", "missing_lines": 28, "excluded_lines": 0, "percent_statements_covered": 42.857142857142854, "percent_statements_covered_display": "43"}, "missing_lines": [58, 59, 65, 66, 68, 87, 88, 89, 90, 91, 106, 107, 108, 109, 110, 129, 130, 131, 132, 133, 134, 135, 136, 154, 155, 156, 157, 158], "excluded_lines": [], "functions": {"list_asignaciones": {"executed_lines": [], "summary": {"covered_lines": 0, "num_statements": 5, "percent_covered": 0.0, "percent_covered_display": "0", "missing_lines": 5, "excluded_lines": 0, "percent_statements_covered": 0.0, "percent_statements_covered_display": "0"}, "missing_lines": [58, 59, 65, 66, 68], "excluded_lines": []}, "create_asignacion": {"executed_lines": [], "summary": {"covered_lines": 0, "num_statements": 5, "percent_covered": 0.0, "percent_covered_display": "0", "missing_lines": 5, "excluded_lines": 0, "percent_statements_covered": 0.0, "percent_statements_covered_display": "0"}, "missing_lines": [87, 88, 89, 90, 91], "excluded_lines": []}, "get_asignacion": {"executed_lines": [], "summary": {"covered_lines": 0, "num_statements": 5, "percent_covered": 0.0, "percent_covered_display": "0", "missing_lines": 5, "excluded_lines": 0, "percent_statements_covered": 0.0, "percent_statements_covered_display": "0"}, "missing_lines": [106, 107, 108, 109, 110], "excluded_lines": []}, "update_asignacion": {"executed_lines": [], "summary": {"covered_lines": 0, "num_statements": 8, "percent_covered": 0.0, "percent_covered_display": "0", "missing_lines": 8, "excluded_lines": 0, "percent_statements_covered": 0.0, "percent_statements_covered_display": "0"}, "missing_lines": [129, 130, 131, 132, 133, 134, 135, 136], "excluded_lines": []}, "delete_asignacion": {"executed_lines": [], "summary": {"covered_lines": 0, "num_statements": 5, "percent_covered": 0.0, "percent_covered_display": "0", "missing_lines": 5, "excluded_lines": 0, "percent_statements_covered": 0.0, "percent_statements_covered_display": "0"}, "missing_lines": [154, 155, 156, 157, 158], "excluded_lines": []}, "": {"executed_lines": [1, 12, 14, 15, 17, 18, 20, 21, 22, 23, 28, 34, 37, 38, 71, 76, 94, 95, 113, 117, 139, 143], "summary": {"covered_lines": 21, "num_statements": 21, "percent_covered": 100.0, "percent_covered_display": "100", "missing_lines": 0, "excluded_lines": 0, "percent_statements_covered": 100.0, "percent_statements_covered_display": "100"}, "missing_lines": [], "excluded_lines": []}}, "classes": {"": {"executed_lines": [1, 12, 14, 15, 17, 18, 20, 21, 22, 23, 28, 34, 37, 38, 71, 76, 94, 95, 113, 117, 139, 143], "summary": {"covered_lines": 21, "num_statements": 49, "percent_covered": 42.857142857142854, "percent_covered_display": "43", "missing_lines": 28, "excluded_lines": 0, "percent_statements_covered": 42.857142857142854, "percent_statements_covered_display": "43"}, "missing_lines": [58, 59, 65, 66, 68, 87, 88, 89, 90, 91, 106, 107, 108, 109, 110, 129, 130, 131, 132, 133, 134, 135, 136, 154, 155, 156, 157, 158], "excluded_lines": []}}}, "app\\api\\v1\\routers\\audit.py": {"executed_lines": [1, 8, 10, 11, 13, 14, 16, 17, 18, 19, 20, 22, 25, 26, 48, 54, 56, 57, 58, 61, 62, 65, 66, 76, 1973, 1983, 1985, 1992], "summary": {"covered_lines": 23, "num_statements": 23, "percent_covered": 100.0, "percent_covered_display": "100", "missing_lines": 0, "excluded_lines": 0, "percent_statements_covered": 100.0, "percent_statements_covered_display": "100"}, "missing_lines": [], "excluded_lines": [], "functions": {"list_audit_log": {"executed_lines": [48, 54, 56, 57, 58, 61, 62, 65, 66, 76], "summary": {"covered_lines": 10, "num_statements": 10, "percent_covered": 100.0, "percent_covered_display": "100", "missing_lines": 0, "excluded_lines": 0, "percent_statements_covered": 100.0, "percent_statements_covered_display": "100"}, "missing_lines": [], "excluded_lines": []}, "": {"executed_lines": [1, 8, 10, 11, 13, 14, 16, 17, 18, 19, 20, 22, 25, 26], "summary": {"covered_lines": 13, "num_statements": 13, "percent_covered": 100.0, "percent_covered_display": "100", "missing_lines": 0, "excluded_lines": 0, "percent_statements_covered": 100.0, "percent_statements_covered_display": "100"}, "missing_lines": [], "excluded_lines": []}}, "classes": {"": {"executed_lines": [1, 8, 10, 11, 13, 14, 16, 17, 18, 19, 20, 22, 25, 26, 48, 54, 56, 57, 58, 61, 62, 65, 66, 76], "summary": {"covered_lines": 23, "num_statements": 23, "percent_covered": 100.0, "percent_covered_display": "100", "missing_lines": 0, "excluded_lines": 0, "percent_statements_covered": 100.0, "percent_statements_covered_display": "100"}, "missing_lines": [], "excluded_lines": []}}}, "app\\api\\v1\\routers\\auth.py": {"executed_lines": [1, 3, 4, 6, 7, 8, 9, 22, 24, 27, 28, 31, 32, 35, 36, 41, 43, 44, 68, 69, 73, 75, 76, 89, 90, 95, 97, 98, 109, 110, 114, 115, 121, 122, 126, 128, 129, 140, 141, 145, 146, 149, 152, 153, 158, 160, 161, 169, 172, 173, 178, 180, 181, 199, 200, 203, 533, 534, 535, 538, 539, 607, 608, 609, 899, 900, 907, 914, 915, 916, 1309, 1323, 1324, 1326, 1651, 1660, 1973, 1983, 1985, 1992], "summary": {"covered_lines": 56, "num_statements": 76, "percent_covered": 73.6842105263158, "percent_covered_display": "74", "missing_lines": 20, "excluded_lines": 0, "percent_statements_covered": 73.6842105263158, "percent_statements_covered_display": "74"}, "missing_lines": [50, 51, 54, 55, 59, 77, 78, 82, 101, 102, 106, 116, 132, 133, 137, 164, 165, 187, 188, 192], "excluded_lines": [], "functions": {"build_auth_service": {"executed_lines": [28], "summary": {"covered_lines": 1, "num_statements": 1, "percent_covered": 100.0, "percent_covered_display": "100", "missing_lines": 0, "excluded_lines": 0, "percent_statements_covered": 100.0, "percent_statements_covered_display": "100"}, "missing_lines": [], "excluded_lines": []}, "get_client_ip": {"executed_lines": [32], "summary": {"covered_lines": 1, "num_statements": 1, "percent_covered": 100.0, "percent_covered_display": "100", "missing_lines": 0, "excluded_lines": 0, "percent_statements_covered": 100.0, "percent_statements_covered_display": "100"}, "missing_lines": [], "excluded_lines": []}, "login": {"executed_lines": [41, 43, 44], "summary": {"covered_lines": 3, "num_statements": 8, "percent_covered": 37.5, "percent_covered_display": "38", "missing_lines": 5, "excluded_lines": 0, "percent_statements_covered": 37.5, "percent_statements_covered_display": "38"}, "missing_lines": [50, 51, 54, 55, 59], "excluded_lines": []}, "refresh_token": {"executed_lines": [73, 75, 76], "summary": {"covered_lines": 3, "num_statements": 6, "percent_covered": 50.0, "percent_covered_display": "50", "missing_lines": 3, "excluded_lines": 0, "percent_statements_covered": 50.0, "percent_statements_covered_display": "50"}, "missing_lines": [77, 78, 82], "excluded_lines": []}, "logout": {"executed_lines": [95, 97, 98], "summary": {"covered_lines": 3, "num_statements": 6, "percent_covered": 50.0, "percent_covered_display": "50", "missing_lines": 3, "excluded_lines": 0, "percent_statements_covered": 50.0, "percent_statements_covered_display": "50"}, "missing_lines": [101, 102, 106], "excluded_lines": []}, "forgot_password": {"executed_lines": [114, 115], "summary": {"covered_lines": 2, "num_statements": 3, "percent_covered": 66.66666666666667, "percent_covered_display": "67", "missing_lines": 1, "excluded_lines": 0, "percent_statements_covered": 66.66666666666667, "percent_statements_covered_display": "67"}, "missing_lines": [116], "excluded_lines": []}, "reset_password": {"executed_lines": [126, 128, 129], "summary": {"covered_lines": 3, "num_statements": 6, "percent_covered": 50.0, "percent_covered_display": "50", "missing_lines": 3, "excluded_lines": 0, "percent_statements_covered": 50.0, "percent_statements_covered_display": "50"}, "missing_lines": [132, 133, 137], "excluded_lines": []}, "enroll_two_factor": {"executed_lines": [145, 146, 149], "summary": {"covered_lines": 3, "num_statements": 3, "percent_covered": 100.0, "percent_covered_display": "100", "missing_lines": 0, "excluded_lines": 0, "percent_statements_covered": 100.0, "percent_statements_covered_display": "100"}, "missing_lines": [], "excluded_lines": []}, "enable_two_factor": {"executed_lines": [158, 160, 161, 169], "summary": {"covered_lines": 4, "num_statements": 6, "percent_covered": 66.66666666666667, "percent_covered_display": "67", "missing_lines": 2, "excluded_lines": 0, "percent_statements_covered": 66.66666666666667, "percent_statements_covered_display": "67"}, "missing_lines": [164, 165], "excluded_lines": []}, "verify_two_factor": {"executed_lines": [178, 180, 181], "summary": {"covered_lines": 3, "num_statements": 6, "percent_covered": 50.0, "percent_covered_display": "50", "missing_lines": 3, "excluded_lines": 0, "percent_statements_covered": 50.0, "percent_statements_covered_display": "50"}, "missing_lines": [187, 188, 192], "excluded_lines": []}, "read_current_user": {"executed_lines": [203], "summary": {"covered_lines": 1, "num_statements": 1, "percent_covered": 100.0, "percent_covered_display": "100", "missing_lines": 0, "excluded_lines": 0, "percent_statements_covered": 100.0, "percent_statements_covered_display": "100"}, "missing_lines": [], "excluded_lines": []}, "": {"executed_lines": [1, 3, 4, 6, 7, 8, 9, 22, 24, 27, 31, 35, 36, 68, 69, 89, 90, 109, 110, 121, 122, 140, 141, 152, 153, 172, 173, 199, 200], "summary": {"covered_lines": 29, "num_statements": 29, "percent_covered": 100.0, "percent_covered_display": "100", "missing_lines": 0, "excluded_lines": 0, "percent_statements_covered": 100.0, "percent_statements_covered_display": "100"}, "missing_lines": [], "excluded_lines": []}}, "classes": {"": {"executed_lines": [1, 3, 4, 6, 7, 8, 9, 22, 24, 27, 28, 31, 32, 35, 36, 41, 43, 44, 68, 69, 73, 75, 76, 89, 90, 95, 97, 98, 109, 110, 114, 115, 121, 122, 126, 128, 129, 140, 141, 145, 146, 149, 152, 153, 158, 160, 161, 169, 172, 173, 178, 180, 181, 199, 200, 203], "summary": {"covered_lines": 56, "num_statements": 76, "percent_covered": 73.6842105263158, "percent_covered_display": "74", "missing_lines": 20, "excluded_lines": 0, "percent_statements_covered": 73.6842105263158, "percent_statements_covered_display": "74"}, "missing_lines": [50, 51, 54, 55, 59, 77, 78, 82, 101, 102, 106, 116, 132, 133, 137, 164, 165, 187, 188, 192], "excluded_lines": []}}}, "app\\api\\v1\\routers\\carreras.py": {"executed_lines": [1, 3, 5, 6, 8, 9, 10, 11, 12, 14, 17, 18, 21, 25, 30, 31, 34, 38, 44, 45, 48, 53, 59, 60, 63, 67, 74, 75, 78, 83, 89, 90, 1651, 1660, 1973, 1983, 1985, 1992], "summary": {"covered_lines": 32, "num_statements": 32, "percent_covered": 100.0, "percent_covered_display": "100", "missing_lines": 0, "excluded_lines": 0, "percent_statements_covered": 100.0, "percent_statements_covered_display": "100"}, "missing_lines": [], "excluded_lines": [], "functions": {"build_service": {"executed_lines": [18], "summary": {"covered_lines": 1, "num_statements": 1, "percent_covered": 100.0, "percent_covered_display": "100", "missing_lines": 0, "excluded_lines": 0, "percent_statements_covered": 100.0, "percent_statements_covered_display": "100"}, "missing_lines": [], "excluded_lines": []}, "list_carreras": {"executed_lines": [30, 31], "summary": {"covered_lines": 2, "num_statements": 2, "percent_covered": 100.0, "percent_covered_display": "100", "missing_lines": 0, "excluded_lines": 0, "percent_statements_covered": 100.0, "percent_statements_covered_display": "100"}, "missing_lines": [], "excluded_lines": []}, "get_carrera": {"executed_lines": [44, 45], "summary": {"covered_lines": 2, "num_statements": 2, "percent_covered": 100.0, "percent_covered_display": "100", "missing_lines": 0, "excluded_lines": 0, "percent_statements_covered": 100.0, "percent_statements_covered_display": "100"}, "missing_lines": [], "excluded_lines": []}, "create_carrera": {"executed_lines": [59, 60], "summary": {"covered_lines": 2, "num_statements": 2, "percent_covered": 100.0, "percent_covered_display": "100", "missing_lines": 0, "excluded_lines": 0, "percent_statements_covered": 100.0, "percent_statements_covered_display": "100"}, "missing_lines": [], "excluded_lines": []}, "update_carrera": {"executed_lines": [74, 75], "summary": {"covered_lines": 2, "num_statements": 2, "percent_covered": 100.0, "percent_covered_display": "100", "missing_lines": 0, "excluded_lines": 0, "percent_statements_covered": 100.0, "percent_statements_covered_display": "100"}, "missing_lines": [], "excluded_lines": []}, "delete_carrera": {"executed_lines": [89, 90], "summary": {"covered_lines": 2, "num_statements": 2, "percent_covered": 100.0, "percent_covered_display": "100", "missing_lines": 0, "excluded_lines": 0, "percent_statements_covered": 100.0, "percent_statements_covered_display": "100"}, "missing_lines": [], "excluded_lines": []}, "": {"executed_lines": [1, 3, 5, 6, 8, 9, 10, 11, 12, 14, 17, 21, 25, 34, 38, 48, 53, 63, 67, 78, 83], "summary": {"covered_lines": 21, "num_statements": 21, "percent_covered": 100.0, "percent_covered_display": "100", "missing_lines": 0, "excluded_lines": 0, "percent_statements_covered": 100.0, "percent_statements_covered_display": "100"}, "missing_lines": [], "excluded_lines": []}}, "classes": {"": {"executed_lines": [1, 3, 5, 6, 8, 9, 10, 11, 12, 14, 17, 18, 21, 25, 30, 31, 34, 38, 44, 45, 48, 53, 59, 60, 63, 67, 74, 75, 78, 83, 89, 90], "summary": {"covered_lines": 32, "num_statements": 32, "percent_covered": 100.0, "percent_covered_display": "100", "missing_lines": 0, "excluded_lines": 0, "percent_statements_covered": 100.0, "percent_statements_covered_display": "100"}, "missing_lines": [], "excluded_lines": []}}}, "app\\api\\v1\\routers\\cohortes.py": {"executed_lines": [1, 3, 5, 6, 8, 9, 10, 11, 12, 14, 17, 18, 21, 25, 30, 31, 34, 38, 48, 53, 59, 60, 63, 67, 74, 75, 78, 83, 89, 90, 1651, 1660, 1973, 1983, 1985, 1992], "summary": {"covered_lines": 30, "num_statements": 32, "percent_covered": 93.75, "percent_covered_display": "94", "missing_lines": 2, "excluded_lines": 0, "percent_statements_covered": 93.75, "percent_statements_covered_display": "94"}, "missing_lines": [44, 45], "excluded_lines": [], "functions": {"build_service": {"executed_lines": [18], "summary": {"covered_lines": 1, "num_statements": 1, "percent_covered": 100.0, "percent_covered_display": "100", "missing_lines": 0, "excluded_lines": 0, "percent_statements_covered": 100.0, "percent_statements_covered_display": "100"}, "missing_lines": [], "excluded_lines": []}, "list_cohortes": {"executed_lines": [30, 31], "summary": {"covered_lines": 2, "num_statements": 2, "percent_covered": 100.0, "percent_covered_display": "100", "missing_lines": 0, "excluded_lines": 0, "percent_statements_covered": 100.0, "percent_statements_covered_display": "100"}, "missing_lines": [], "excluded_lines": []}, "get_cohorte": {"executed_lines": [], "summary": {"covered_lines": 0, "num_statements": 2, "percent_covered": 0.0, "percent_covered_display": "0", "missing_lines": 2, "excluded_lines": 0, "percent_statements_covered": 0.0, "percent_statements_covered_display": "0"}, "missing_lines": [44, 45], "excluded_lines": []}, "create_cohorte": {"executed_lines": [59, 60], "summary": {"covered_lines": 2, "num_statements": 2, "percent_covered": 100.0, "percent_covered_display": "100", "missing_lines": 0, "excluded_lines": 0, "percent_statements_covered": 100.0, "percent_statements_covered_display": "100"}, "missing_lines": [], "excluded_lines": []}, "update_cohorte": {"executed_lines": [74, 75], "summary": {"covered_lines": 2, "num_statements": 2, "percent_covered": 100.0, "percent_covered_display": "100", "missing_lines": 0, "excluded_lines": 0, "percent_statements_covered": 100.0, "percent_statements_covered_display": "100"}, "missing_lines": [], "excluded_lines": []}, "delete_cohorte": {"executed_lines": [89, 90], "summary": {"covered_lines": 2, "num_statements": 2, "percent_covered": 100.0, "percent_covered_display": "100", "missing_lines": 0, "excluded_lines": 0, "percent_statements_covered": 100.0, "percent_statements_covered_display": "100"}, "missing_lines": [], "excluded_lines": []}, "": {"executed_lines": [1, 3, 5, 6, 8, 9, 10, 11, 12, 14, 17, 21, 25, 34, 38, 48, 53, 63, 67, 78, 83], "summary": {"covered_lines": 21, "num_statements": 21, "percent_covered": 100.0, "percent_covered_display": "100", "missing_lines": 0, "excluded_lines": 0, "percent_statements_covered": 100.0, "percent_statements_covered_display": "100"}, "missing_lines": [], "excluded_lines": []}}, "classes": {"": {"executed_lines": [1, 3, 5, 6, 8, 9, 10, 11, 12, 14, 17, 18, 21, 25, 30, 31, 34, 38, 48, 53, 59, 60, 63, 67, 74, 75, 78, 83, 89, 90], "summary": {"covered_lines": 30, "num_statements": 32, "percent_covered": 93.75, "percent_covered_display": "94", "missing_lines": 2, "excluded_lines": 0, "percent_statements_covered": 93.75, "percent_statements_covered_display": "94"}, "missing_lines": [44, 45], "excluded_lines": []}}}, "app\\api\\v1\\routers\\health.py": {"executed_lines": [1, 3, 4, 5, 6, 8, 9, 11, 14, 15, 16, 18, 19, 20, 21, 23, 3084, 3085, 3086], "summary": {"covered_lines": 16, "num_statements": 16, "percent_covered": 100.0, "percent_covered_display": "100", "missing_lines": 0, "excluded_lines": 0, "percent_statements_covered": 100.0, "percent_statements_covered_display": "100"}, "missing_lines": [], "excluded_lines": [], "functions": {"health_check": {"executed_lines": [16, 18, 19, 20, 21, 23], "summary": {"covered_lines": 6, "num_statements": 6, "percent_covered": 100.0, "percent_covered_display": "100", "missing_lines": 0, "excluded_lines": 0, "percent_statements_covered": 100.0, "percent_statements_covered_display": "100"}, "missing_lines": [], "excluded_lines": []}, "": {"executed_lines": [1, 3, 4, 5, 6, 8, 9, 11, 14, 15], "summary": {"covered_lines": 10, "num_statements": 10, "percent_covered": 100.0, "percent_covered_display": "100", "missing_lines": 0, "excluded_lines": 0, "percent_statements_covered": 100.0, "percent_statements_covered_display": "100"}, "missing_lines": [], "excluded_lines": []}}, "classes": {"": {"executed_lines": [1, 3, 4, 5, 6, 8, 9, 11, 14, 15, 16, 18, 19, 20, 21, 23], "summary": {"covered_lines": 16, "num_statements": 16, "percent_covered": 100.0, "percent_covered_display": "100", "missing_lines": 0, "excluded_lines": 0, "percent_statements_covered": 100.0, "percent_statements_covered_display": "100"}, "missing_lines": [], "excluded_lines": []}}}, "app\\api\\v1\\routers\\impersonacion.py": {"executed_lines": [1, 8, 10, 11, 13, 14, 15, 16, 17, 18, 19, 23, 25, 28, 33, 47, 48, 84, 88, 100, 101, 103, 104, 110, 111, 1973, 1983, 1985, 1992], "summary": {"covered_lines": 24, "num_statements": 40, "percent_covered": 60.0, "percent_covered_display": "60", "missing_lines": 16, "excluded_lines": 0, "percent_statements_covered": 60.0, "percent_statements_covered_display": "60"}, "missing_lines": [52, 53, 59, 68, 69, 74, 79, 81, 115, 116, 121, 128, 129, 134, 139, 141], "excluded_lines": [], "functions": {"iniciar_impersonacion": {"executed_lines": [47, 48], "summary": {"covered_lines": 2, "num_statements": 10, "percent_covered": 20.0, "percent_covered_display": "20", "missing_lines": 8, "excluded_lines": 0, "percent_statements_covered": 20.0, "percent_statements_covered_display": "20"}, "missing_lines": [52, 53, 59, 68, 69, 74, 79, 81], "excluded_lines": []}, "finalizar_impersonacion": {"executed_lines": [100, 101, 103, 104, 110, 111], "summary": {"covered_lines": 6, "num_statements": 14, "percent_covered": 42.857142857142854, "percent_covered_display": "43", "missing_lines": 8, "excluded_lines": 0, "percent_statements_covered": 42.857142857142854, "percent_statements_covered_display": "43"}, "missing_lines": [115, 116, 121, 128, 129, 134, 139, 141], "excluded_lines": []}, "": {"executed_lines": [1, 8, 10, 11, 13, 14, 15, 16, 17, 18, 19, 23, 25, 28, 33, 84, 88], "summary": {"covered_lines": 16, "num_statements": 16, "percent_covered": 100.0, "percent_covered_display": "100", "missing_lines": 0, "excluded_lines": 0, "percent_statements_covered": 100.0, "percent_statements_covered_display": "100"}, "missing_lines": [], "excluded_lines": []}}, "classes": {"": {"executed_lines": [1, 8, 10, 11, 13, 14, 15, 16, 17, 18, 19, 23, 25, 28, 33, 47, 48, 84, 88, 100, 101, 103, 104, 110, 111], "summary": {"covered_lines": 24, "num_statements": 40, "percent_covered": 60.0, "percent_covered_display": "60", "missing_lines": 16, "excluded_lines": 0, "percent_statements_covered": 60.0, "percent_statements_covered_display": "60"}, "missing_lines": [52, 53, 59, 68, 69, 74, 79, 81, 115, 116, 121, 128, 129, 134, 139, 141], "excluded_lines": []}}}, "app\\api\\v1\\routers\\materias.py": {"executed_lines": [1, 3, 5, 6, 8, 9, 10, 11, 12, 14, 17, 18, 21, 25, 30, 31, 34, 38, 48, 53, 59, 60, 63, 67, 78, 83, 89, 90, 1651, 1660, 1973, 1983, 1985, 1992], "summary": {"covered_lines": 28, "num_statements": 32, "percent_covered": 87.5, "percent_covered_display": "88", "missing_lines": 4, "excluded_lines": 0, "percent_statements_covered": 87.5, "percent_statements_covered_display": "88"}, "missing_lines": [44, 45, 74, 75], "excluded_lines": [], "functions": {"build_service": {"executed_lines": [18], "summary": {"covered_lines": 1, "num_statements": 1, "percent_covered": 100.0, "percent_covered_display": "100", "missing_lines": 0, "excluded_lines": 0, "percent_statements_covered": 100.0, "percent_statements_covered_display": "100"}, "missing_lines": [], "excluded_lines": []}, "list_materias": {"executed_lines": [30, 31], "summary": {"covered_lines": 2, "num_statements": 2, "percent_covered": 100.0, "percent_covered_display": "100", "missing_lines": 0, "excluded_lines": 0, "percent_statements_covered": 100.0, "percent_statements_covered_display": "100"}, "missing_lines": [], "excluded_lines": []}, "get_materia": {"executed_lines": [], "summary": {"covered_lines": 0, "num_statements": 2, "percent_covered": 0.0, "percent_covered_display": "0", "missing_lines": 2, "excluded_lines": 0, "percent_statements_covered": 0.0, "percent_statements_covered_display": "0"}, "missing_lines": [44, 45], "excluded_lines": []}, "create_materia": {"executed_lines": [59, 60], "summary": {"covered_lines": 2, "num_statements": 2, "percent_covered": 100.0, "percent_covered_display": "100", "missing_lines": 0, "excluded_lines": 0, "percent_statements_covered": 100.0, "percent_statements_covered_display": "100"}, "missing_lines": [], "excluded_lines": []}, "update_materia": {"executed_lines": [], "summary": {"covered_lines": 0, "num_statements": 2, "percent_covered": 0.0, "percent_covered_display": "0", "missing_lines": 2, "excluded_lines": 0, "percent_statements_covered": 0.0, "percent_statements_covered_display": "0"}, "missing_lines": [74, 75], "excluded_lines": []}, "delete_materia": {"executed_lines": [89, 90], "summary": {"covered_lines": 2, "num_statements": 2, "percent_covered": 100.0, "percent_covered_display": "100", "missing_lines": 0, "excluded_lines": 0, "percent_statements_covered": 100.0, "percent_statements_covered_display": "100"}, "missing_lines": [], "excluded_lines": []}, "": {"executed_lines": [1, 3, 5, 6, 8, 9, 10, 11, 12, 14, 17, 21, 25, 34, 38, 48, 53, 63, 67, 78, 83], "summary": {"covered_lines": 21, "num_statements": 21, "percent_covered": 100.0, "percent_covered_display": "100", "missing_lines": 0, "excluded_lines": 0, "percent_statements_covered": 100.0, "percent_statements_covered_display": "100"}, "missing_lines": [], "excluded_lines": []}}, "classes": {"": {"executed_lines": [1, 3, 5, 6, 8, 9, 10, 11, 12, 14, 17, 18, 21, 25, 30, 31, 34, 38, 48, 53, 59, 60, 63, 67, 78, 83, 89, 90], "summary": {"covered_lines": 28, "num_statements": 32, "percent_covered": 87.5, "percent_covered_display": "88", "missing_lines": 4, "excluded_lines": 0, "percent_statements_covered": 87.5, "percent_statements_covered_display": "88"}, "missing_lines": [44, 45, 74, 75], "excluded_lines": []}}}, "app\\api\\v1\\routers\\roles.py": {"executed_lines": [1, 3, 5, 6, 8, 9, 10, 11, 18, 20, 23, 24, 27, 28, 33, 34, 37, 38, 44, 45, 48, 49, 56, 57, 60, 61, 67, 68, 71, 72, 78, 79, 82, 86, 93, 94, 98, 103, 110, 111, 1651, 1660], "summary": {"covered_lines": 40, "num_statements": 41, "percent_covered": 97.5609756097561, "percent_covered_display": "98", "missing_lines": 1, "excluded_lines": 0, "percent_statements_covered": 97.5609756097561, "percent_statements_covered_display": "98"}, "missing_lines": [95], "excluded_lines": [], "functions": {"build_role_service": {"executed_lines": [24], "summary": {"covered_lines": 1, "num_statements": 1, "percent_covered": 100.0, "percent_covered_display": "100", "missing_lines": 0, "excluded_lines": 0, "percent_statements_covered": 100.0, "percent_statements_covered_display": "100"}, "missing_lines": [], "excluded_lines": []}, "list_roles": {"executed_lines": [33, 34], "summary": {"covered_lines": 2, "num_statements": 2, "percent_covered": 100.0, "percent_covered_display": "100", "missing_lines": 0, "excluded_lines": 0, "percent_statements_covered": 100.0, "percent_statements_covered_display": "100"}, "missing_lines": [], "excluded_lines": []}, "create_role": {"executed_lines": [44, 45], "summary": {"covered_lines": 2, "num_statements": 2, "percent_covered": 100.0, "percent_covered_display": "100", "missing_lines": 0, "excluded_lines": 0, "percent_statements_covered": 100.0, "percent_statements_covered_display": "100"}, "missing_lines": [], "excluded_lines": []}, "update_role": {"executed_lines": [56, 57], "summary": {"covered_lines": 2, "num_statements": 2, "percent_covered": 100.0, "percent_covered_display": "100", "missing_lines": 0, "excluded_lines": 0, "percent_statements_covered": 100.0, "percent_statements_covered_display": "100"}, "missing_lines": [], "excluded_lines": []}, "delete_role": {"executed_lines": [67, 68], "summary": {"covered_lines": 2, "num_statements": 2, "percent_covered": 100.0, "percent_covered_display": "100", "missing_lines": 0, "excluded_lines": 0, "percent_statements_covered": 100.0, "percent_statements_covered_display": "100"}, "missing_lines": [], "excluded_lines": []}, "list_permissions": {"executed_lines": [78, 79], "summary": {"covered_lines": 2, "num_statements": 2, "percent_covered": 100.0, "percent_covered_display": "100", "missing_lines": 0, "excluded_lines": 0, "percent_statements_covered": 100.0, "percent_statements_covered_display": "100"}, "missing_lines": [], "excluded_lines": []}, "assign_permission": {"executed_lines": [93, 94], "summary": {"covered_lines": 2, "num_statements": 3, "percent_covered": 66.66666666666667, "percent_covered_display": "67", "missing_lines": 1, "excluded_lines": 0, "percent_statements_covered": 66.66666666666667, "percent_statements_covered_display": "67"}, "missing_lines": [95], "excluded_lines": []}, "remove_permission": {"executed_lines": [110, 111], "summary": {"covered_lines": 2, "num_statements": 2, "percent_covered": 100.0, "percent_covered_display": "100", "missing_lines": 0, "excluded_lines": 0, "percent_statements_covered": 100.0, "percent_statements_covered_display": "100"}, "missing_lines": [], "excluded_lines": []}, "": {"executed_lines": [1, 3, 5, 6, 8, 9, 10, 11, 18, 20, 23, 27, 28, 37, 38, 48, 49, 60, 61, 71, 72, 82, 86, 98, 103], "summary": {"covered_lines": 25, "num_statements": 25, "percent_covered": 100.0, "percent_covered_display": "100", "missing_lines": 0, "excluded_lines": 0, "percent_statements_covered": 100.0, "percent_statements_covered_display": "100"}, "missing_lines": [], "excluded_lines": []}}, "classes": {"": {"executed_lines": [1, 3, 5, 6, 8, 9, 10, 11, 18, 20, 23, 24, 27, 28, 33, 34, 37, 38, 44, 45, 48, 49, 56, 57, 60, 61, 67, 68, 71, 72, 78, 79, 82, 86, 93, 94, 98, 103, 110, 111], "summary": {"covered_lines": 40, "num_statements": 41, "percent_covered": 97.5609756097561, "percent_covered_display": "98", "missing_lines": 1, "excluded_lines": 0, "percent_statements_covered": 97.5609756097561, "percent_statements_covered_display": "98"}, "missing_lines": [95], "excluded_lines": []}}}, "app\\api\\v1\\routers\\usuarios.py": {"executed_lines": [1, 14, 16, 18, 19, 21, 22, 23, 24, 29, 35, 38, 43, 61, 62, 78, 79, 97, 98, 117, 118], "summary": {"covered_lines": 20, "num_statements": 42, "percent_covered": 47.61904761904762, "percent_covered_display": "48", "missing_lines": 22, "excluded_lines": 0, "percent_statements_covered": 47.61904761904762, "percent_statements_covered_display": "48"}, "missing_lines": [54, 55, 56, 57, 58, 74, 75, 90, 91, 92, 93, 94, 110, 111, 112, 113, 114, 129, 130, 131, 132, 133], "excluded_lines": [], "functions": {"create_usuario": {"executed_lines": [], "summary": {"covered_lines": 0, "num_statements": 5, "percent_covered": 0.0, "percent_covered_display": "0", "missing_lines": 5, "excluded_lines": 0, "percent_statements_covered": 0.0, "percent_statements_covered_display": "0"}, "missing_lines": [54, 55, 56, 57, 58], "excluded_lines": []}, "list_usuarios": {"executed_lines": [], "summary": {"covered_lines": 0, "num_statements": 2, "percent_covered": 0.0, "percent_covered_display": "0", "missing_lines": 2, "excluded_lines": 0, "percent_statements_covered": 0.0, "percent_statements_covered_display": "0"}, "missing_lines": [74, 75], "excluded_lines": []}, "get_usuario": {"executed_lines": [], "summary": {"covered_lines": 0, "num_statements": 5, "percent_covered": 0.0, "percent_covered_display": "0", "missing_lines": 5, "excluded_lines": 0, "percent_statements_covered": 0.0, "percent_statements_covered_display": "0"}, "missing_lines": [90, 91, 92, 93, 94], "excluded_lines": []}, "update_usuario": {"executed_lines": [], "summary": {"covered_lines": 0, "num_statements": 5, "percent_covered": 0.0, "percent_covered_display": "0", "missing_lines": 5, "excluded_lines": 0, "percent_statements_covered": 0.0, "percent_statements_covered_display": "0"}, "missing_lines": [110, 111, 112, 113, 114], "excluded_lines": []}, "delete_usuario": {"executed_lines": [], "summary": {"covered_lines": 0, "num_statements": 5, "percent_covered": 0.0, "percent_covered_display": "0", "missing_lines": 5, "excluded_lines": 0, "percent_statements_covered": 0.0, "percent_statements_covered_display": "0"}, "missing_lines": [129, 130, 131, 132, 133], "excluded_lines": []}, "": {"executed_lines": [1, 14, 16, 18, 19, 21, 22, 23, 24, 29, 35, 38, 43, 61, 62, 78, 79, 97, 98, 117, 118], "summary": {"covered_lines": 20, "num_statements": 20, "percent_covered": 100.0, "percent_covered_display": "100", "missing_lines": 0, "excluded_lines": 0, "percent_statements_covered": 100.0, "percent_statements_covered_display": "100"}, "missing_lines": [], "excluded_lines": []}}, "classes": {"": {"executed_lines": [1, 14, 16, 18, 19, 21, 22, 23, 24, 29, 35, 38, 43, 61, 62, 78, 79, 97, 98, 117, 118], "summary": {"covered_lines": 20, "num_statements": 42, "percent_covered": 47.61904761904762, "percent_covered_display": "48", "missing_lines": 22, "excluded_lines": 0, "percent_statements_covered": 47.61904761904762, "percent_statements_covered_display": "48"}, "missing_lines": [54, 55, 56, 57, 58, 74, 75, 90, 91, 92, 93, 94, 110, 111, 112, 113, 114, 129, 130, 131, 132, 133], "excluded_lines": []}}}, "app\\core\\__init__.py": {"executed_lines": [1], "summary": {"covered_lines": 0, "num_statements": 0, "percent_covered": 100.0, "percent_covered_display": "100", "missing_lines": 0, "excluded_lines": 0, "percent_statements_covered": 100.0, "percent_statements_covered_display": "100"}, "missing_lines": [], "excluded_lines": [], "functions": {"": {"executed_lines": [1], "summary": {"covered_lines": 0, "num_statements": 0, "percent_covered": 100.0, "percent_covered_display": "100", "missing_lines": 0, "excluded_lines": 0, "percent_statements_covered": 100.0, "percent_statements_covered_display": "100"}, "missing_lines": [], "excluded_lines": []}}, "classes": {"": {"executed_lines": [1], "summary": {"covered_lines": 0, "num_statements": 0, "percent_covered": 100.0, "percent_covered_display": "100", "missing_lines": 0, "excluded_lines": 0, "percent_statements_covered": 100.0, "percent_statements_covered_display": "100"}, "missing_lines": [], "excluded_lines": []}}}, "app\\core\\audit_constants.py": {"executed_lines": [1, 20, 22, 25, 26, 37, 38, 41, 42, 43, 46, 47, 48, 51, 52, 55, 58, 61, 64, 65, 68], "summary": {"covered_lines": 19, "num_statements": 19, "percent_covered": 100.0, "percent_covered_display": "100", "missing_lines": 0, "excluded_lines": 0, "percent_statements_covered": 100.0, "percent_statements_covered_display": "100"}, "missing_lines": [], "excluded_lines": [], "functions": {"": {"executed_lines": [1, 20, 22, 25, 26, 37, 38, 41, 42, 43, 46, 47, 48, 51, 52, 55, 58, 61, 64, 65, 68], "summary": {"covered_lines": 19, "num_statements": 19, "percent_covered": 100.0, "percent_covered_display": "100", "missing_lines": 0, "excluded_lines": 0, "percent_statements_covered": 100.0, "percent_statements_covered_display": "100"}, "missing_lines": [], "excluded_lines": []}}, "classes": {"AuditAction": {"executed_lines": [], "summary": {"covered_lines": 0, "num_statements": 0, "percent_covered": 100.0, "percent_covered_display": "100", "missing_lines": 0, "excluded_lines": 0, "percent_statements_covered": 100.0, "percent_statements_covered_display": "100"}, "missing_lines": [], "excluded_lines": []}, "": {"executed_lines": [1, 20, 22, 25, 26, 37, 38, 41, 42, 43, 46, 47, 48, 51, 52, 55, 58, 61, 64, 65, 68], "summary": {"covered_lines": 19, "num_statements": 19, "percent_covered": 100.0, "percent_covered_display": "100", "missing_lines": 0, "excluded_lines": 0, "percent_statements_covered": 100.0, "percent_statements_covered_display": "100"}, "missing_lines": [], "excluded_lines": []}}}, "app\\core\\audit_middleware.py": {"executed_lines": [1, 9, 11, 12, 13, 16, 17, 25, 28, 29, 31, 32, 34, 36, 37, 38, 39, 41, 43, 44, 45, 47, 48, 49], "summary": {"covered_lines": 22, "num_statements": 23, "percent_covered": 95.65217391304348, "percent_covered_display": "96", "missing_lines": 1, "excluded_lines": 0, "percent_statements_covered": 95.65217391304348, "percent_statements_covered_display": "96"}, "missing_lines": [51], "excluded_lines": [], "functions": {"AuditMiddleware.dispatch": {"executed_lines": [28, 29, 31, 32, 34], "summary": {"covered_lines": 5, "num_statements": 5, "percent_covered": 100.0, "percent_covered_display": "100", "missing_lines": 0, "excluded_lines": 0, "percent_statements_covered": 100.0, "percent_statements_covered_display": "100"}, "missing_lines": [], "excluded_lines": []}, "AuditMiddleware._resolve_client_ip": {"executed_lines": [38, 39, 41, 43, 44, 45, 47, 48, 49], "summary": {"covered_lines": 9, "num_statements": 10, "percent_covered": 90.0, "percent_covered_display": "90", "missing_lines": 1, "excluded_lines": 0, "percent_statements_covered": 90.0, "percent_statements_covered_display": "90"}, "missing_lines": [51], "excluded_lines": []}, "": {"executed_lines": [1, 9, 11, 12, 13, 16, 17, 25, 36, 37], "summary": {"covered_lines": 8, "num_statements": 8, "percent_covered": 100.0, "percent_covered_display": "100", "missing_lines": 0, "excluded_lines": 0, "percent_statements_covered": 100.0, "percent_statements_covered_display": "100"}, "missing_lines": [], "excluded_lines": []}}, "classes": {"AuditMiddleware": {"executed_lines": [28, 29, 31, 32, 34, 38, 39, 41, 43, 44, 45, 47, 48, 49], "summary": {"covered_lines": 14, "num_statements": 15, "percent_covered": 93.33333333333333, "percent_covered_display": "93", "missing_lines": 1, "excluded_lines": 0, "percent_statements_covered": 93.33333333333333, "percent_statements_covered_display": "93"}, "missing_lines": [51], "excluded_lines": []}, "": {"executed_lines": [1, 9, 11, 12, 13, 16, 17, 25, 36, 37], "summary": {"covered_lines": 8, "num_statements": 8, "percent_covered": 100.0, "percent_covered_display": "100", "missing_lines": 0, "excluded_lines": 0, "percent_statements_covered": 100.0, "percent_statements_covered_display": "100"}, "missing_lines": [], "excluded_lines": []}}}, "app\\core\\config.py": {"executed_lines": [1, 3, 4, 6, 7, 9, 12, 13, 14, 15, 16, 17, 18, 19, 20, 21, 22, 23, 24, 25, 26, 27, 29, 35, 36, 37, 38, 40, 42, 43, 44, 45, 47, 49, 50, 51, 52, 54, 56, 63, 64, 65, 67, 69, 70, 71, 72, 73, 75, 78, 79, 80], "summary": {"covered_lines": 52, "num_statements": 57, "percent_covered": 91.2280701754386, "percent_covered_display": "91", "missing_lines": 5, "excluded_lines": 0, "percent_statements_covered": 91.2280701754386, "percent_statements_covered_display": "91"}, "missing_lines": [39, 46, 53, 66, 74], "excluded_lines": [], "functions": {"Settings.validate_secret_key_length": {"executed_lines": [38, 40], "summary": {"covered_lines": 2, "num_statements": 3, "percent_covered": 66.66666666666667, "percent_covered_display": "67", "missing_lines": 1, "excluded_lines": 0, "percent_statements_covered": 66.66666666666667, "percent_statements_covered_display": "67"}, "missing_lines": [39], "excluded_lines": []}, "Settings.validate_encryption_key_length": {"executed_lines": [45, 47], "summary": {"covered_lines": 2, "num_statements": 3, "percent_covered": 66.66666666666667, "percent_covered_display": "67", "missing_lines": 1, "excluded_lines": 0, "percent_statements_covered": 66.66666666666667, "percent_statements_covered_display": "67"}, "missing_lines": [46], "excluded_lines": []}, "Settings.validate_access_token_expiry": {"executed_lines": [52, 54], "summary": {"covered_lines": 2, "num_statements": 3, "percent_covered": 66.66666666666667, "percent_covered_display": "67", "missing_lines": 1, "excluded_lines": 0, "percent_statements_covered": 66.66666666666667, "percent_statements_covered_display": "67"}, "missing_lines": [53], "excluded_lines": []}, "Settings.validate_positive_integers": {"executed_lines": [65, 67], "summary": {"covered_lines": 2, "num_statements": 3, "percent_covered": 66.66666666666667, "percent_covered_display": "67", "missing_lines": 1, "excluded_lines": 0, "percent_statements_covered": 66.66666666666667, "percent_statements_covered_display": "67"}, "missing_lines": [66], "excluded_lines": []}, "Settings.validate_totp_issuer": {"executed_lines": [72, 73, 75], "summary": {"covered_lines": 3, "num_statements": 4, "percent_covered": 75.0, "percent_covered_display": "75", "missing_lines": 1, "excluded_lines": 0, "percent_statements_covered": 75.0, "percent_statements_covered_display": "75"}, "missing_lines": [74], "excluded_lines": []}, "get_settings": {"executed_lines": [80], "summary": {"covered_lines": 1, "num_statements": 1, "percent_covered": 100.0, "percent_covered_display": "100", "missing_lines": 0, "excluded_lines": 0, "percent_statements_covered": 100.0, "percent_statements_covered_display": "100"}, "missing_lines": [], "excluded_lines": []}, "": {"executed_lines": [1, 3, 4, 6, 7, 9, 12, 13, 14, 15, 16, 17, 18, 19, 20, 21, 22, 23, 24, 25, 26, 27, 29, 35, 36, 37, 42, 43, 44, 49, 50, 51, 56, 63, 64, 69, 70, 71, 78, 79], "summary": {"covered_lines": 40, "num_statements": 40, "percent_covered": 100.0, "percent_covered_display": "100", "missing_lines": 0, "excluded_lines": 0, "percent_statements_covered": 100.0, "percent_statements_covered_display": "100"}, "missing_lines": [], "excluded_lines": []}}, "classes": {"Settings": {"executed_lines": [38, 40, 45, 47, 52, 54, 65, 67, 72, 73, 75], "summary": {"covered_lines": 11, "num_statements": 16, "percent_covered": 68.75, "percent_covered_display": "69", "missing_lines": 5, "excluded_lines": 0, "percent_statements_covered": 68.75, "percent_statements_covered_display": "69"}, "missing_lines": [39, 46, 53, 66, 74], "excluded_lines": []}, "": {"executed_lines": [1, 3, 4, 6, 7, 9, 12, 13, 14, 15, 16, 17, 18, 19, 20, 21, 22, 23, 24, 25, 26, 27, 29, 35, 36, 37, 42, 43, 44, 49, 50, 51, 56, 63, 64, 69, 70, 71, 78, 79, 80], "summary": {"covered_lines": 41, "num_statements": 41, "percent_covered": 100.0, "percent_covered_display": "100", "missing_lines": 0, "excluded_lines": 0, "percent_statements_covered": 100.0, "percent_statements_covered_display": "100"}, "missing_lines": [], "excluded_lines": []}}}, "app\\core\\database.py": {"executed_lines": [1, 3, 9, 11, 14, 15, 18, 19, 22, 25, 26, 28, 29, 33, 36, 42, 43, 44, 45, 48, 51, 52, 54, 55], "summary": {"covered_lines": 24, "num_statements": 27, "percent_covered": 88.88888888888889, "percent_covered_display": "89", "missing_lines": 3, "excluded_lines": 0, "percent_statements_covered": 88.88888888888889, "percent_statements_covered_display": "89"}, "missing_lines": [37, 38, 39], "excluded_lines": [], "functions": {"initialize_database": {"executed_lines": [25, 26, 28, 29, 33], "summary": {"covered_lines": 5, "num_statements": 5, "percent_covered": 100.0, "percent_covered_display": "100", "missing_lines": 0, "excluded_lines": 0, "percent_statements_covered": 100.0, "percent_statements_covered_display": "100"}, "missing_lines": [], "excluded_lines": []}, "get_engine": {"executed_lines": [], "summary": {"covered_lines": 0, "num_statements": 3, "percent_covered": 0.0, "percent_covered_display": "0", "missing_lines": 3, "excluded_lines": 0, "percent_statements_covered": 0.0, "percent_statements_covered_display": "0"}, "missing_lines": [37, 38, 39], "excluded_lines": []}, "get_session_factory": {"executed_lines": [43, 44, 45], "summary": {"covered_lines": 3, "num_statements": 3, "percent_covered": 100.0, "percent_covered_display": "100", "missing_lines": 0, "excluded_lines": 0, "percent_statements_covered": 100.0, "percent_statements_covered_display": "100"}, "missing_lines": [], "excluded_lines": []}, "dispose_engine": {"executed_lines": [51, 52, 54, 55], "summary": {"covered_lines": 4, "num_statements": 4, "percent_covered": 100.0, "percent_covered_display": "100", "missing_lines": 0, "excluded_lines": 0, "percent_statements_covered": 100.0, "percent_statements_covered_display": "100"}, "missing_lines": [], "excluded_lines": []}, "": {"executed_lines": [1, 3, 9, 11, 14, 15, 18, 19, 22, 36, 42, 48], "summary": {"covered_lines": 12, "num_statements": 12, "percent_covered": 100.0, "percent_covered_display": "100", "missing_lines": 0, "excluded_lines": 0, "percent_statements_covered": 100.0, "percent_statements_covered_display": "100"}, "missing_lines": [], "excluded_lines": []}}, "classes": {"Base": {"executed_lines": [], "summary": {"covered_lines": 0, "num_statements": 0, "percent_covered": 100.0, "percent_covered_display": "100", "missing_lines": 0, "excluded_lines": 0, "percent_statements_covered": 100.0, "percent_statements_covered_display": "100"}, "missing_lines": [], "excluded_lines": []}, "": {"executed_lines": [1, 3, 9, 11, 14, 15, 18, 19, 22, 25, 26, 28, 29, 33, 36, 42, 43, 44, 45, 48, 51, 52, 54, 55], "summary": {"covered_lines": 24, "num_statements": 27, "percent_covered": 88.88888888888889, "percent_covered_display": "89", "missing_lines": 3, "excluded_lines": 0, "percent_statements_covered": 88.88888888888889, "percent_statements_covered_display": "89"}, "missing_lines": [37, 38, 39], "excluded_lines": []}}}, "app\\core\\dependencies.py": {"executed_lines": [1, 3, 5, 6, 7, 9, 10, 11, 13, 16, 17, 18, 20, 21, 22, 23, 24, 25, 27, 30, 45, 51, 52, 56, 57, 58, 60, 64, 66, 67, 70, 71, 72, 82, 83, 607, 608, 609, 1973, 1983, 1985, 1992], "summary": {"covered_lines": 35, "num_statements": 44, "percent_covered": 79.54545454545455, "percent_covered_display": "80", "missing_lines": 9, "excluded_lines": 0, "percent_statements_covered": 79.54545454545455, "percent_statements_covered_display": "80"}, "missing_lines": [53, 54, 61, 76, 77, 79, 85, 86, 88], "excluded_lines": [], "functions": {"get_db": {"executed_lines": [17, 18, 20, 21, 22, 23, 24, 25, 27], "summary": {"covered_lines": 9, "num_statements": 9, "percent_covered": 100.0, "percent_covered_display": "100", "missing_lines": 0, "excluded_lines": 0, "percent_statements_covered": 100.0, "percent_statements_covered_display": "100"}, "missing_lines": [], "excluded_lines": []}, "get_current_user": {"executed_lines": [45, 51, 52, 56, 57, 58, 60, 64, 66, 67, 70, 71, 72, 82, 83], "summary": {"covered_lines": 15, "num_statements": 24, "percent_covered": 62.5, "percent_covered_display": "62", "missing_lines": 9, "excluded_lines": 0, "percent_statements_covered": 62.5, "percent_statements_covered_display": "62"}, "missing_lines": [53, 54, 61, 76, 77, 79, 85, 86, 88], "excluded_lines": []}, "": {"executed_lines": [1, 3, 5, 6, 7, 9, 10, 11, 13, 16, 30], "summary": {"covered_lines": 11, "num_statements": 11, "percent_covered": 100.0, "percent_covered_display": "100", "missing_lines": 0, "excluded_lines": 0, "percent_statements_covered": 100.0, "percent_statements_covered_display": "100"}, "missing_lines": [], "excluded_lines": []}}, "classes": {"": {"executed_lines": [1, 3, 5, 6, 7, 9, 10, 11, 13, 16, 17, 18, 20, 21, 22, 23, 24, 25, 27, 30, 45, 51, 52, 56, 57, 58, 60, 64, 66, 67, 70, 71, 72, 82, 83], "summary": {"covered_lines": 35, "num_statements": 44, "percent_covered": 79.54545454545455, "percent_covered_display": "80", "missing_lines": 9, "excluded_lines": 0, "percent_statements_covered": 79.54545454545455, "percent_statements_covered_display": "80"}, "missing_lines": [53, 54, 61, 76, 77, 79, 85, 86, 88], "excluded_lines": []}}}, "app\\core\\exceptions.py": {"executed_lines": [], "summary": {"covered_lines": 0, "num_statements": 0, "percent_covered": 100.0, "percent_covered_display": "100", "missing_lines": 0, "excluded_lines": 0, "percent_statements_covered": 100.0, "percent_statements_covered_display": "100"}, "missing_lines": [], "excluded_lines": [], "functions": {"": {"executed_lines": [], "summary": {"covered_lines": 0, "num_statements": 0, "percent_covered": 100.0, "percent_covered_display": "100", "missing_lines": 0, "excluded_lines": 0, "percent_statements_covered": 100.0, "percent_statements_covered_display": "100"}, "missing_lines": [], "excluded_lines": []}}, "classes": {"": {"executed_lines": [], "summary": {"covered_lines": 0, "num_statements": 0, "percent_covered": 100.0, "percent_covered_display": "100", "missing_lines": 0, "excluded_lines": 0, "percent_statements_covered": 100.0, "percent_statements_covered_display": "100"}, "missing_lines": [], "excluded_lines": []}}}, "app\\core\\logging.py": {"executed_lines": [1, 3, 4, 5, 8, 9, 10, 16, 19, 20, 22, 23, 24, 25, 26], "summary": {"covered_lines": 15, "num_statements": 19, "percent_covered": 78.94736842105263, "percent_covered_display": "79", "missing_lines": 4, "excluded_lines": 0, "percent_statements_covered": 78.94736842105263, "percent_statements_covered_display": "79"}, "missing_lines": [28, 29, 30, 31], "excluded_lines": [], "functions": {"JsonFormatter.format": {"executed_lines": [10, 16], "summary": {"covered_lines": 2, "num_statements": 2, "percent_covered": 100.0, "percent_covered_display": "100", "missing_lines": 0, "excluded_lines": 0, "percent_statements_covered": 100.0, "percent_statements_covered_display": "100"}, "missing_lines": [], "excluded_lines": []}, "configure_logging": {"executed_lines": [20, 22, 23, 24, 25, 26], "summary": {"covered_lines": 6, "num_statements": 10, "percent_covered": 60.0, "percent_covered_display": "60", "missing_lines": 4, "excluded_lines": 0, "percent_statements_covered": 60.0, "percent_statements_covered_display": "60"}, "missing_lines": [28, 29, 30, 31], "excluded_lines": []}, "": {"executed_lines": [1, 3, 4, 5, 8, 9, 19], "summary": {"covered_lines": 7, "num_statements": 7, "percent_covered": 100.0, "percent_covered_display": "100", "missing_lines": 0, "excluded_lines": 0, "percent_statements_covered": 100.0, "percent_statements_covered_display": "100"}, "missing_lines": [], "excluded_lines": []}}, "classes": {"JsonFormatter": {"executed_lines": [10, 16], "summary": {"covered_lines": 2, "num_statements": 2, "percent_covered": 100.0, "percent_covered_display": "100", "missing_lines": 0, "excluded_lines": 0, "percent_statements_covered": 100.0, "percent_statements_covered_display": "100"}, "missing_lines": [], "excluded_lines": []}, "": {"executed_lines": [1, 3, 4, 5, 8, 9, 19, 20, 22, 23, 24, 25, 26], "summary": {"covered_lines": 13, "num_statements": 17, "percent_covered": 76.47058823529412, "percent_covered_display": "76", "missing_lines": 4, "excluded_lines": 0, "percent_statements_covered": 76.47058823529412, "percent_statements_covered_display": "76"}, "missing_lines": [28, 29, 30, 31], "excluded_lines": []}}}, "app\\core\\observability.py": {"executed_lines": [1, 3, 5, 6, 7, 8, 14, 15, 16, 17, 18, 19, 20, 21, 23, 25, 28, 29, 34, 48, 49, 50], "summary": {"covered_lines": 22, "num_statements": 36, "percent_covered": 61.111111111111114, "percent_covered_display": "61", "missing_lines": 14, "excluded_lines": 0, "percent_statements_covered": 61.111111111111114, "percent_statements_covered_display": "61"}, "missing_lines": [9, 10, 11, 13, 36, 37, 39, 40, 41, 43, 44, 45, 52, 53], "excluded_lines": [], "functions": {"instrument_app": {"executed_lines": [29, 34], "summary": {"covered_lines": 2, "num_statements": 10, "percent_covered": 20.0, "percent_covered_display": "20", "missing_lines": 8, "excluded_lines": 0, "percent_statements_covered": 20.0, "percent_statements_covered_display": "20"}, "missing_lines": [36, 37, 39, 40, 41, 43, 44, 45], "excluded_lines": []}, "uninstrument_app": {"executed_lines": [49, 50], "summary": {"covered_lines": 2, "num_statements": 4, "percent_covered": 50.0, "percent_covered_display": "50", "missing_lines": 2, "excluded_lines": 0, "percent_statements_covered": 50.0, "percent_statements_covered_display": "50"}, "missing_lines": [52, 53], "excluded_lines": []}, "": {"executed_lines": [1, 3, 5, 6, 7, 8, 14, 15, 16, 17, 18, 19, 20, 21, 23, 25, 28, 48], "summary": {"covered_lines": 18, "num_statements": 22, "percent_covered": 81.81818181818181, "percent_covered_display": "82", "missing_lines": 4, "excluded_lines": 0, "percent_statements_covered": 81.81818181818181, "percent_statements_covered_display": "82"}, "missing_lines": [9, 10, 11, 13], "excluded_lines": []}}, "classes": {"": {"executed_lines": [1, 3, 5, 6, 7, 8, 14, 15, 16, 17, 18, 19, 20, 21, 23, 25, 28, 29, 34, 48, 49, 50], "summary": {"covered_lines": 22, "num_statements": 36, "percent_covered": 61.111111111111114, "percent_covered_display": "61", "missing_lines": 14, "excluded_lines": 0, "percent_statements_covered": 61.111111111111114, "percent_statements_covered_display": "61"}, "missing_lines": [9, 10, 11, 13, 36, 37, 39, 40, 41, 43, 44, 45, 52, 53], "excluded_lines": []}}}, "app\\core\\permissions.py": {"executed_lines": [1, 10, 12, 13, 14, 16, 17, 19, 20, 21, 29, 30, 33, 34, 37, 39, 40, 41, 43, 44, 47, 49, 51, 54, 57, 60, 68, 69, 70, 72, 73, 74, 75, 78, 85, 88, 90, 98, 110, 111, 112, 113, 115, 116, 121, 122, 124, 132, 134, 137, 142, 143, 144, 147, 152, 153, 154, 157, 174, 182, 183, 186, 187, 188, 190, 198, 199, 212, 213, 215, 220, 221, 226, 227, 233, 234, 242, 1973, 1983, 1985, 1992], "summary": {"covered_lines": 75, "num_statements": 77, "percent_covered": 97.40259740259741, "percent_covered_display": "97", "missing_lines": 2, "excluded_lines": 1, "percent_statements_covered": 97.40259740259741, "percent_statements_covered_display": "97"}, "missing_lines": [52, 55], "excluded_lines": [199], "functions": {"_cache_key": {"executed_lines": [34], "summary": {"covered_lines": 1, "num_statements": 1, "percent_covered": 100.0, "percent_covered_display": "100", "missing_lines": 0, "excluded_lines": 0, "percent_statements_covered": 100.0, "percent_statements_covered_display": "100"}, "missing_lines": [], "excluded_lines": []}, "get_cached_permissions": {"executed_lines": [39, 40, 41, 43, 44], "summary": {"covered_lines": 5, "num_statements": 5, "percent_covered": 100.0, "percent_covered_display": "100", "missing_lines": 0, "excluded_lines": 0, "percent_statements_covered": 100.0, "percent_statements_covered_display": "100"}, "missing_lines": [], "excluded_lines": []}, "set_cached_permissions": {"executed_lines": [49, 51, 54, 57], "summary": {"covered_lines": 4, "num_statements": 6, "percent_covered": 66.66666666666667, "percent_covered_display": "67", "missing_lines": 2, "excluded_lines": 0, "percent_statements_covered": 66.66666666666667, "percent_statements_covered_display": "67"}, "missing_lines": [52, 55], "excluded_lines": []}, "invalidate_permission_cache": {"executed_lines": [68, 69, 70, 72, 73, 74, 75], "summary": {"covered_lines": 7, "num_statements": 7, "percent_covered": 100.0, "percent_covered_display": "100", "missing_lines": 0, "excluded_lines": 0, "percent_statements_covered": 100.0, "percent_statements_covered_display": "100"}, "missing_lines": [], "excluded_lines": []}, "invalidate_permission_cache_for_role": {"executed_lines": [85], "summary": {"covered_lines": 1, "num_statements": 1, "percent_covered": 100.0, "percent_covered_display": "100", "missing_lines": 0, "excluded_lines": 0, "percent_statements_covered": 100.0, "percent_statements_covered_display": "100"}, "missing_lines": [], "excluded_lines": []}, "clear_all_caches": {"executed_lines": [90], "summary": {"covered_lines": 1, "num_statements": 1, "percent_covered": 100.0, "percent_covered_display": "100", "missing_lines": 0, "excluded_lines": 0, "percent_statements_covered": 100.0, "percent_statements_covered_display": "100"}, "missing_lines": [], "excluded_lines": []}, "get_effective_permissions": {"executed_lines": [110, 111, 112, 113, 115, 116, 121, 122, 124], "summary": {"covered_lines": 9, "num_statements": 9, "percent_covered": 100.0, "percent_covered_display": "100", "missing_lines": 0, "excluded_lines": 0, "percent_statements_covered": 100.0, "percent_statements_covered_display": "100"}, "missing_lines": [], "excluded_lines": []}, "_perm_is_global": {"executed_lines": [134], "summary": {"covered_lines": 1, "num_statements": 1, "percent_covered": 100.0, "percent_covered_display": "100", "missing_lines": 0, "excluded_lines": 0, "percent_statements_covered": 100.0, "percent_statements_covered_display": "100"}, "missing_lines": [], "excluded_lines": []}, "_perm_base_code": {"executed_lines": [142, 143, 144], "summary": {"covered_lines": 3, "num_statements": 3, "percent_covered": 100.0, "percent_covered_display": "100", "missing_lines": 0, "excluded_lines": 0, "percent_statements_covered": 100.0, "percent_statements_covered_display": "100"}, "missing_lines": [], "excluded_lines": []}, "_perm_propio_code": {"executed_lines": [152, 153, 154], "summary": {"covered_lines": 3, "num_statements": 3, "percent_covered": 100.0, "percent_covered_display": "100", "missing_lines": 0, "excluded_lines": 0, "percent_statements_covered": 100.0, "percent_statements_covered_display": "100"}, "missing_lines": [], "excluded_lines": []}, "has_permission_with_scope": {"executed_lines": [174, 182, 183, 186, 187, 188, 190], "summary": {"covered_lines": 7, "num_statements": 7, "percent_covered": 100.0, "percent_covered_display": "100", "missing_lines": 0, "excluded_lines": 0, "percent_statements_covered": 100.0, "percent_statements_covered_display": "100"}, "missing_lines": [], "excluded_lines": []}, "RequirePermission.__init__": {"executed_lines": [213], "summary": {"covered_lines": 1, "num_statements": 1, "percent_covered": 100.0, "percent_covered_display": "100", "missing_lines": 0, "excluded_lines": 0, "percent_statements_covered": 100.0, "percent_statements_covered_display": "100"}, "missing_lines": [], "excluded_lines": []}, "RequirePermission.__call__": {"executed_lines": [220, 221, 226, 227, 233, 234], "summary": {"covered_lines": 6, "num_statements": 6, "percent_covered": 100.0, "percent_covered_display": "100", "missing_lines": 0, "excluded_lines": 0, "percent_statements_covered": 100.0, "percent_statements_covered_display": "100"}, "missing_lines": [], "excluded_lines": []}, "": {"executed_lines": [1, 10, 12, 13, 14, 16, 17, 19, 20, 21, 29, 30, 33, 37, 47, 60, 78, 88, 98, 132, 137, 147, 157, 198, 199, 212, 215, 242], "summary": {"covered_lines": 26, "num_statements": 26, "percent_covered": 100.0, "percent_covered_display": "100", "missing_lines": 0, "excluded_lines": 1, "percent_statements_covered": 100.0, "percent_statements_covered_display": "100"}, "missing_lines": [], "excluded_lines": [199]}}, "classes": {"RequirePermission": {"executed_lines": [213, 220, 221, 226, 227, 233, 234], "summary": {"covered_lines": 7, "num_statements": 7, "percent_covered": 100.0, "percent_covered_display": "100", "missing_lines": 0, "excluded_lines": 0, "percent_statements_covered": 100.0, "percent_statements_covered_display": "100"}, "missing_lines": [], "excluded_lines": []}, "": {"executed_lines": [1, 10, 12, 13, 14, 16, 17, 19, 20, 21, 29, 30, 33, 34, 37, 39, 40, 41, 43, 44, 47, 49, 51, 54, 57, 60, 68, 69, 70, 72, 73, 74, 75, 78, 85, 88, 90, 98, 110, 111, 112, 113, 115, 116, 121, 122, 124, 132, 134, 137, 142, 143, 144, 147, 152, 153, 154, 157, 174, 182, 183, 186, 187, 188, 190, 198, 199, 212, 215, 242], "summary": {"covered_lines": 68, "num_statements": 70, "percent_covered": 97.14285714285714, "percent_covered_display": "97", "missing_lines": 2, "excluded_lines": 1, "percent_statements_covered": 97.14285714285714, "percent_statements_covered_display": "97"}, "missing_lines": [52, 55], "excluded_lines": [199]}}}, "app\\core\\security.py": {"executed_lines": [1, 3, 4, 5, 6, 7, 8, 9, 11, 12, 13, 14, 15, 16, 18, 21, 22, 23, 26, 27, 30, 31, 34, 35, 36, 38, 39, 41, 42, 44, 46, 47, 49, 50, 52, 55, 56, 57, 58, 61, 62, 63, 64, 65, 68, 69, 70, 71, 73, 76, 77, 80, 81, 84, 85, 86, 87, 88, 91, 92, 95, 96, 97, 98, 99, 102, 103, 104, 105, 106, 107, 114, 129, 130, 136, 137, 138, 139, 141, 147, 153, 154, 160, 166, 167, 169, 170, 178, 181, 184, 185, 188, 189, 192, 193, 196, 197, 198, 204, 205], "summary": {"covered_lines": 100, "num_statements": 104, "percent_covered": 96.15384615384616, "percent_covered_display": "96", "missing_lines": 4, "excluded_lines": 0, "percent_statements_covered": 96.15384615384616, "percent_statements_covered_display": "96"}, "missing_lines": [74, 175, 176, 179], "excluded_lines": [], "functions": {"EncryptedString.process_bind_param": {"executed_lines": [39, 41, 42, 44], "summary": {"covered_lines": 4, "num_statements": 4, "percent_covered": 100.0, "percent_covered_display": "100", "missing_lines": 0, "excluded_lines": 0, "percent_statements_covered": 100.0, "percent_statements_covered_display": "100"}, "missing_lines": [], "excluded_lines": []}, "EncryptedString.process_result_value": {"executed_lines": [47, 49, 50, 52], "summary": {"covered_lines": 4, "num_statements": 4, "percent_covered": 100.0, "percent_covered_display": "100", "missing_lines": 0, "excluded_lines": 0, "percent_statements_covered": 100.0, "percent_statements_covered_display": "100"}, "missing_lines": [], "excluded_lines": []}, "_get_aesgcm": {"executed_lines": [56, 57, 58], "summary": {"covered_lines": 3, "num_statements": 3, "percent_covered": 100.0, "percent_covered_display": "100", "missing_lines": 0, "excluded_lines": 0, "percent_statements_covered": 100.0, "percent_statements_covered_display": "100"}, "missing_lines": [], "excluded_lines": []}, "encrypt_text": {"executed_lines": [62, 63, 64, 65], "summary": {"covered_lines": 4, "num_statements": 4, "percent_covered": 100.0, "percent_covered_display": "100", "missing_lines": 0, "excluded_lines": 0, "percent_statements_covered": 100.0, "percent_statements_covered_display": "100"}, "missing_lines": [], "excluded_lines": []}, "decrypt_text": {"executed_lines": [69, 70, 71, 73, 76, 77], "summary": {"covered_lines": 6, "num_statements": 7, "percent_covered": 85.71428571428571, "percent_covered_display": "86", "missing_lines": 1, "excluded_lines": 0, "percent_statements_covered": 85.71428571428571, "percent_statements_covered_display": "86"}, "missing_lines": [74], "excluded_lines": []}, "normalize_email": {"executed_lines": [81], "summary": {"covered_lines": 1, "num_statements": 1, "percent_covered": 100.0, "percent_covered_display": "100", "missing_lines": 0, "excluded_lines": 0, "percent_statements_covered": 100.0, "percent_statements_covered_display": "100"}, "missing_lines": [], "excluded_lines": []}, "build_email_lookup": {"executed_lines": [85, 86, 87, 88], "summary": {"covered_lines": 4, "num_statements": 4, "percent_covered": 100.0, "percent_covered_display": "100", "missing_lines": 0, "excluded_lines": 0, "percent_statements_covered": 100.0, "percent_statements_covered_display": "100"}, "missing_lines": [], "excluded_lines": []}, "hash_password": {"executed_lines": [92], "summary": {"covered_lines": 1, "num_statements": 1, "percent_covered": 100.0, "percent_covered_display": "100", "missing_lines": 0, "excluded_lines": 0, "percent_statements_covered": 100.0, "percent_statements_covered_display": "100"}, "missing_lines": [], "excluded_lines": []}, "verify_password": {"executed_lines": [96, 97, 98, 99], "summary": {"covered_lines": 4, "num_statements": 4, "percent_covered": 100.0, "percent_covered_display": "100", "missing_lines": 0, "excluded_lines": 0, "percent_statements_covered": 100.0, "percent_statements_covered_display": "100"}, "missing_lines": [], "excluded_lines": []}, "_encode_jwt": {"executed_lines": [103, 104, 105, 106, 107], "summary": {"covered_lines": 5, "num_statements": 5, "percent_covered": 100.0, "percent_covered_display": "100", "missing_lines": 0, "excluded_lines": 0, "percent_statements_covered": 100.0, "percent_statements_covered_display": "100"}, "missing_lines": [], "excluded_lines": []}, "create_access_token": {"executed_lines": [129, 130, 136, 137, 138, 139, 141], "summary": {"covered_lines": 7, "num_statements": 7, "percent_covered": 100.0, "percent_covered_display": "100", "missing_lines": 0, "excluded_lines": 0, "percent_statements_covered": 100.0, "percent_statements_covered_display": "100"}, "missing_lines": [], "excluded_lines": []}, "create_two_factor_challenge_token": {"executed_lines": [153, 154, 160], "summary": {"covered_lines": 3, "num_statements": 3, "percent_covered": 100.0, "percent_covered_display": "100", "missing_lines": 0, "excluded_lines": 0, "percent_statements_covered": 100.0, "percent_statements_covered_display": "100"}, "missing_lines": [], "excluded_lines": []}, "decode_token": {"executed_lines": [167, 169, 170, 178, 181], "summary": {"covered_lines": 5, "num_statements": 8, "percent_covered": 62.5, "percent_covered_display": "62", "missing_lines": 3, "excluded_lines": 0, "percent_statements_covered": 62.5, "percent_statements_covered_display": "62"}, "missing_lines": [175, 176, 179], "excluded_lines": []}, "create_opaque_token": {"executed_lines": [185], "summary": {"covered_lines": 1, "num_statements": 1, "percent_covered": 100.0, "percent_covered_display": "100", "missing_lines": 0, "excluded_lines": 0, "percent_statements_covered": 100.0, "percent_statements_covered_display": "100"}, "missing_lines": [], "excluded_lines": []}, "hash_opaque_token": {"executed_lines": [189], "summary": {"covered_lines": 1, "num_statements": 1, "percent_covered": 100.0, "percent_covered_display": "100", "missing_lines": 0, "excluded_lines": 0, "percent_statements_covered": 100.0, "percent_statements_covered_display": "100"}, "missing_lines": [], "excluded_lines": []}, "generate_totp_secret": {"executed_lines": [193], "summary": {"covered_lines": 1, "num_statements": 1, "percent_covered": 100.0, "percent_covered_display": "100", "missing_lines": 0, "excluded_lines": 0, "percent_statements_covered": 100.0, "percent_statements_covered_display": "100"}, "missing_lines": [], "excluded_lines": []}, "build_totp_uri": {"executed_lines": [197, 198], "summary": {"covered_lines": 2, "num_statements": 2, "percent_covered": 100.0, "percent_covered_display": "100", "missing_lines": 0, "excluded_lines": 0, "percent_statements_covered": 100.0, "percent_statements_covered_display": "100"}, "missing_lines": [], "excluded_lines": []}, "verify_totp_code": {"executed_lines": [205], "summary": {"covered_lines": 1, "num_statements": 1, "percent_covered": 100.0, "percent_covered_display": "100", "missing_lines": 0, "excluded_lines": 0, "percent_statements_covered": 100.0, "percent_statements_covered_display": "100"}, "missing_lines": [], "excluded_lines": []}, "": {"executed_lines": [1, 3, 4, 5, 6, 7, 8, 9, 11, 12, 13, 14, 15, 16, 18, 21, 22, 23, 26, 27, 30, 31, 34, 35, 36, 38, 46, 55, 61, 68, 80, 84, 91, 95, 102, 114, 147, 166, 184, 188, 192, 196, 204], "summary": {"covered_lines": 43, "num_statements": 43, "percent_covered": 100.0, "percent_covered_display": "100", "missing_lines": 0, "excluded_lines": 0, "percent_statements_covered": 100.0, "percent_statements_covered_display": "100"}, "missing_lines": [], "excluded_lines": []}}, "classes": {"EncryptionError": {"executed_lines": [], "summary": {"covered_lines": 0, "num_statements": 0, "percent_covered": 100.0, "percent_covered_display": "100", "missing_lines": 0, "excluded_lines": 0, "percent_statements_covered": 100.0, "percent_statements_covered_display": "100"}, "missing_lines": [], "excluded_lines": []}, "TokenError": {"executed_lines": [], "summary": {"covered_lines": 0, "num_statements": 0, "percent_covered": 100.0, "percent_covered_display": "100", "missing_lines": 0, "excluded_lines": 0, "percent_statements_covered": 100.0, "percent_statements_covered_display": "100"}, "missing_lines": [], "excluded_lines": []}, "EncryptedString": {"executed_lines": [39, 41, 42, 44, 47, 49, 50, 52], "summary": {"covered_lines": 8, "num_statements": 8, "percent_covered": 100.0, "percent_covered_display": "100", "missing_lines": 0, "excluded_lines": 0, "percent_statements_covered": 100.0, "percent_statements_covered_display": "100"}, "missing_lines": [], "excluded_lines": []}, "": {"executed_lines": [1, 3, 4, 5, 6, 7, 8, 9, 11, 12, 13, 14, 15, 16, 18, 21, 22, 23, 26, 27, 30, 31, 34, 35, 36, 38, 46, 55, 56, 57, 58, 61, 62, 63, 64, 65, 68, 69, 70, 71, 73, 76, 77, 80, 81, 84, 85, 86, 87, 88, 91, 92, 95, 96, 97, 98, 99, 102, 103, 104, 105, 106, 107, 114, 129, 130, 136, 137, 138, 139, 141, 147, 153, 154, 160, 166, 167, 169, 170, 178, 181, 184, 185, 188, 189, 192, 193, 196, 197, 198, 204, 205], "summary": {"covered_lines": 92, "num_statements": 96, "percent_covered": 95.83333333333333, "percent_covered_display": "96", "missing_lines": 4, "excluded_lines": 0, "percent_statements_covered": 95.83333333333333, "percent_statements_covered_display": "96"}, "missing_lines": [74, 175, 176, 179], "excluded_lines": []}}}, "app\\core\\tenancy.py": {"executed_lines": [1, 3, 6, 7, 10, 11, 12, 14], "summary": {"covered_lines": 8, "num_statements": 8, "percent_covered": 100.0, "percent_covered_display": "100", "missing_lines": 0, "excluded_lines": 0, "percent_statements_covered": 100.0, "percent_statements_covered_display": "100"}, "missing_lines": [], "excluded_lines": [], "functions": {"normalize_tenant_id": {"executed_lines": [11, 12, 14], "summary": {"covered_lines": 3, "num_statements": 3, "percent_covered": 100.0, "percent_covered_display": "100", "missing_lines": 0, "excluded_lines": 0, "percent_statements_covered": 100.0, "percent_statements_covered_display": "100"}, "missing_lines": [], "excluded_lines": []}, "": {"executed_lines": [1, 3, 6, 7, 10], "summary": {"covered_lines": 5, "num_statements": 5, "percent_covered": 100.0, "percent_covered_display": "100", "missing_lines": 0, "excluded_lines": 0, "percent_statements_covered": 100.0, "percent_statements_covered_display": "100"}, "missing_lines": [], "excluded_lines": []}}, "classes": {"TenantScopeError": {"executed_lines": [], "summary": {"covered_lines": 0, "num_statements": 0, "percent_covered": 100.0, "percent_covered_display": "100", "missing_lines": 0, "excluded_lines": 0, "percent_statements_covered": 100.0, "percent_statements_covered_display": "100"}, "missing_lines": [], "excluded_lines": []}, "": {"executed_lines": [1, 3, 6, 7, 10, 11, 12, 14], "summary": {"covered_lines": 8, "num_statements": 8, "percent_covered": 100.0, "percent_covered_display": "100", "missing_lines": 0, "excluded_lines": 0, "percent_statements_covered": 100.0, "percent_statements_covered_display": "100"}, "missing_lines": [], "excluded_lines": []}}}, "app\\integrations\\__init__.py": {"executed_lines": [], "summary": {"covered_lines": 0, "num_statements": 0, "percent_covered": 100.0, "percent_covered_display": "100", "missing_lines": 0, "excluded_lines": 0, "percent_statements_covered": 100.0, "percent_statements_covered_display": "100"}, "missing_lines": [], "excluded_lines": [], "functions": {"": {"executed_lines": [], "summary": {"covered_lines": 0, "num_statements": 0, "percent_covered": 100.0, "percent_covered_display": "100", "missing_lines": 0, "excluded_lines": 0, "percent_statements_covered": 100.0, "percent_statements_covered_display": "100"}, "missing_lines": [], "excluded_lines": []}}, "classes": {"": {"executed_lines": [], "summary": {"covered_lines": 0, "num_statements": 0, "percent_covered": 100.0, "percent_covered_display": "100", "missing_lines": 0, "excluded_lines": 0, "percent_statements_covered": 100.0, "percent_statements_covered_display": "100"}, "missing_lines": [], "excluded_lines": []}}}, "app\\main.py": {"executed_lines": [1, 3, 5, 7, 8, 9, 10, 11, 12, 13, 14, 15, 16, 17, 18, 19, 20, 21, 24, 25, 26, 27, 28, 29, 31, 32, 34, 35, 38, 39, 40, 42, 47, 48, 49, 50, 51, 52, 53, 54, 55, 56, 57, 58, 61], "summary": {"covered_lines": 45, "num_statements": 45, "percent_covered": 100.0, "percent_covered_display": "100", "missing_lines": 0, "excluded_lines": 0, "percent_statements_covered": 100.0, "percent_statements_covered_display": "100"}, "missing_lines": [], "excluded_lines": [], "functions": {"lifespan": {"executed_lines": [26, 27, 28, 29, 31, 32, 34, 35], "summary": {"covered_lines": 8, "num_statements": 8, "percent_covered": 100.0, "percent_covered_display": "100", "missing_lines": 0, "excluded_lines": 0, "percent_statements_covered": 100.0, "percent_statements_covered_display": "100"}, "missing_lines": [], "excluded_lines": []}, "create_app": {"executed_lines": [39, 40, 42, 47, 48, 49, 50, 51, 52, 53, 54, 55, 56, 57, 58], "summary": {"covered_lines": 15, "num_statements": 15, "percent_covered": 100.0, "percent_covered_display": "100", "missing_lines": 0, "excluded_lines": 0, "percent_statements_covered": 100.0, "percent_statements_covered_display": "100"}, "missing_lines": [], "excluded_lines": []}, "": {"executed_lines": [1, 3, 5, 7, 8, 9, 10, 11, 12, 13, 14, 15, 16, 17, 18, 19, 20, 21, 24, 25, 38, 61], "summary": {"covered_lines": 22, "num_statements": 22, "percent_covered": 100.0, "percent_covered_display": "100", "missing_lines": 0, "excluded_lines": 0, "percent_statements_covered": 100.0, "percent_statements_covered_display": "100"}, "missing_lines": [], "excluded_lines": []}}, "classes": {"": {"executed_lines": [1, 3, 5, 7, 8, 9, 10, 11, 12, 13, 14, 15, 16, 17, 18, 19, 20, 21, 24, 25, 26, 27, 28, 29, 31, 32, 34, 35, 38, 39, 40, 42, 47, 48, 49, 50, 51, 52, 53, 54, 55, 56, 57, 58, 61], "summary": {"covered_lines": 45, "num_statements": 45, "percent_covered": 100.0, "percent_covered_display": "100", "missing_lines": 0, "excluded_lines": 0, "percent_statements_covered": 100.0, "percent_statements_covered_display": "100"}, "missing_lines": [], "excluded_lines": []}}}, "app\\models\\__init__.py": {"executed_lines": [1, 3, 4, 5, 6, 7, 8, 9, 10, 11, 12, 13, 14, 15, 16, 17, 18, 19, 21], "summary": {"covered_lines": 18, "num_statements": 18, "percent_covered": 100.0, "percent_covered_display": "100", "missing_lines": 0, "excluded_lines": 0, "percent_statements_covered": 100.0, "percent_statements_covered_display": "100"}, "missing_lines": [], "excluded_lines": [], "functions": {"": {"executed_lines": [1, 3, 4, 5, 6, 7, 8, 9, 10, 11, 12, 13, 14, 15, 16, 17, 18, 19, 21], "summary": {"covered_lines": 18, "num_statements": 18, "percent_covered": 100.0, "percent_covered_display": "100", "missing_lines": 0, "excluded_lines": 0, "percent_statements_covered": 100.0, "percent_statements_covered_display": "100"}, "missing_lines": [], "excluded_lines": []}}, "classes": {"": {"executed_lines": [1, 3, 4, 5, 6, 7, 8, 9, 10, 11, 12, 13, 14, 15, 16, 17, 18, 19, 21], "summary": {"covered_lines": 18, "num_statements": 18, "percent_covered": 100.0, "percent_covered_display": "100", "missing_lines": 0, "excluded_lines": 0, "percent_statements_covered": 100.0, "percent_statements_covered_display": "100"}, "missing_lines": [], "excluded_lines": []}}}, "app\\models\\asignacion.py": {"executed_lines": [1, 10, 12, 13, 15, 16, 17, 19, 20, 23, 24, 25, 26, 27, 28, 29, 30, 33, 34, 45, 46, 60, 65, 68, 71, 74, 77, 80, 81, 84, 88, 89, 98, 100, 101, 103, 104, 106, 108], "summary": {"covered_lines": 36, "num_statements": 37, "percent_covered": 97.29729729729729, "percent_covered_display": "97", "missing_lines": 1, "excluded_lines": 0, "percent_statements_covered": 97.29729729729729, "percent_statements_covered_display": "97"}, "missing_lines": [110], "excluded_lines": [], "functions": {"Asignacion.estado_vigencia": {"executed_lines": [98, 100, 101, 103, 104, 106], "summary": {"covered_lines": 6, "num_statements": 6, "percent_covered": 100.0, "percent_covered_display": "100", "missing_lines": 0, "excluded_lines": 0, "percent_statements_covered": 100.0, "percent_statements_covered_display": "100"}, "missing_lines": [], "excluded_lines": []}, "Asignacion.__repr__": {"executed_lines": [], "summary": {"covered_lines": 0, "num_statements": 1, "percent_covered": 0.0, "percent_covered_display": "0", "missing_lines": 1, "excluded_lines": 0, "percent_statements_covered": 0.0, "percent_statements_covered_display": "0"}, "missing_lines": [110], "excluded_lines": []}, "": {"executed_lines": [1, 10, 12, 13, 15, 16, 17, 19, 20, 23, 24, 25, 26, 27, 28, 29, 30, 33, 34, 45, 46, 60, 65, 68, 71, 74, 77, 80, 81, 84, 88, 89, 108], "summary": {"covered_lines": 30, "num_statements": 30, "percent_covered": 100.0, "percent_covered_display": "100", "missing_lines": 0, "excluded_lines": 0, "percent_statements_covered": 100.0, "percent_statements_covered_display": "100"}, "missing_lines": [], "excluded_lines": []}}, "classes": {"RolEnum": {"executed_lines": [], "summary": {"covered_lines": 0, "num_statements": 0, "percent_covered": 100.0, "percent_covered_display": "100", "missing_lines": 0, "excluded_lines": 0, "percent_statements_covered": 100.0, "percent_statements_covered_display": "100"}, "missing_lines": [], "excluded_lines": []}, "Asignacion": {"executed_lines": [98, 100, 101, 103, 104, 106], "summary": {"covered_lines": 6, "num_statements": 7, "percent_covered": 85.71428571428571, "percent_covered_display": "86", "missing_lines": 1, "excluded_lines": 0, "percent_statements_covered": 85.71428571428571, "percent_statements_covered_display": "86"}, "missing_lines": [110], "excluded_lines": []}, "": {"executed_lines": [1, 10, 12, 13, 15, 16, 17, 19, 20, 23, 24, 25, 26, 27, 28, 29, 30, 33, 34, 45, 46, 60, 65, 68, 71, 74, 77, 80, 81, 84, 88, 89, 108], "summary": {"covered_lines": 30, "num_statements": 30, "percent_covered": 100.0, "percent_covered_display": "100", "missing_lines": 0, "excluded_lines": 0, "percent_statements_covered": 100.0, "percent_statements_covered_display": "100"}, "missing_lines": [], "excluded_lines": []}}}, "app\\models\\audit_log.py": {"executed_lines": [1, 3, 5, 6, 7, 8, 9, 11, 14, 15, 21, 23, 24, 27, 30, 33, 37, 38, 39, 40, 41, 43], "summary": {"covered_lines": 21, "num_statements": 21, "percent_covered": 100.0, "percent_covered_display": "100", "missing_lines": 0, "excluded_lines": 0, "percent_statements_covered": 100.0, "percent_statements_covered_display": "100"}, "missing_lines": [], "excluded_lines": [], "functions": {"": {"executed_lines": [1, 3, 5, 6, 7, 8, 9, 11, 14, 15, 21, 23, 24, 27, 30, 33, 37, 38, 39, 40, 41, 43], "summary": {"covered_lines": 21, "num_statements": 21, "percent_covered": 100.0, "percent_covered_display": "100", "missing_lines": 0
[...]
: 1, "percent_covered": 100.0, "percent_covered_display": "100", "missing_lines": 0, "excluded_lines": 0, "percent_statements_covered": 100.0, "percent_statements_covered_display": "100"}, "missing_lines": [], "excluded_lines": []}, "CohorteService.get": {"executed_lines": [27], "summary": {"covered_lines": 1, "num_statements": 4, "percent_covered": 25.0, "percent_covered_display": "25", "missing_lines": 3, "excluded_lines": 0, "percent_statements_covered": 25.0, "percent_statements_covered_display": "25"}, "missing_lines": [28, 29, 33], "excluded_lines": []}, "CohorteService.create": {"executed_lines": [36], "summary": {"covered_lines": 1, "num_statements": 4, "percent_covered": 25.0, "percent_covered_display": "25", "missing_lines": 3, "excluded_lines": 0, "percent_statements_covered": 25.0, "percent_statements_covered_display": "25"}, "missing_lines": [37, 40, 44], "excluded_lines": []}, "CohorteService.update": {"executed_lines": [47], "summary": {"covered_lines": 1, "num_statements": 15, "percent_covered": 6.666666666666667, "percent_covered_display": "7", "missing_lines": 14, "excluded_lines": 0, "percent_statements_covered": 6.666666666666667, "percent_statements_covered_display": "7"}, "missing_lines": [49, 50, 52, 53, 54, 57, 62, 63, 64, 66, 67, 69, 70, 71], "excluded_lines": []}, "CohorteService.delete": {"executed_lines": [74], "summary": {"covered_lines": 1, "num_statements": 3, "percent_covered": 33.333333333333336, "percent_covered_display": "33", "missing_lines": 2, "excluded_lines": 0, "percent_statements_covered": 33.333333333333336, "percent_statements_covered_display": "33"}, "missing_lines": [75, 76], "excluded_lines": []}, "CohorteService._validate_carrera_activa": {"executed_lines": [81], "summary": {"covered_lines": 1, "num_statements": 6, "percent_covered": 16.666666666666668, "percent_covered_display": "17", "missing_lines": 5, "excluded_lines": 0, "percent_statements_covered": 16.666666666666668, "percent_statements_covered_display": "17"}, "missing_lines": [88, 89, 90, 94, 95], "excluded_lines": []}, "": {"executed_lines": [1, 3, 4, 6, 7, 8, 10, 11, 12, 13, 14, 17, 18, 23, 26, 35, 46, 73, 78], "summary": {"covered_lines": 19, "num_statements": 19, "percent_covered": 100.0, "percent_covered_display": "100", "missing_lines": 0, "excluded_lines": 0, "percent_statements_covered": 100.0, "percent_statements_covered_display": "100"}, "missing_lines": [], "excluded_lines": []}}, "classes": {"CohorteService": {"executed_lines": [19, 20, 21, 24, 27, 36, 47, 74, 81], "summary": {"covered_lines": 9, "num_statements": 36, "percent_covered": 25.0, "percent_covered_display": "25", "missing_lines": 27, "excluded_lines": 0, "percent_statements_covered": 25.0, "percent_statements_covered_display": "25"}, "missing_lines": [28, 29, 33, 37, 40, 44, 49, 50, 52, 53, 54, 57, 62, 63, 64, 66, 67, 69, 70, 71, 75, 76, 88, 89, 90, 94, 95], "excluded_lines": []}, "": {"executed_lines": [1, 3, 4, 6, 7, 8, 10, 11, 12, 13, 14, 17, 18, 23, 26, 35, 46, 73, 78], "summary": {"covered_lines": 19, "num_statements": 19, "percent_covered": 100.0, "percent_covered_display": "100", "missing_lines": 0, "excluded_lines": 0, "percent_statements_covered": 100.0, "percent_statements_covered_display": "100"}, "missing_lines": [], "excluded_lines": []}}}, "app\\services\\materia_service.py": {"executed_lines": [1, 3, 4, 6, 7, 8, 10, 11, 12, 15, 16, 17, 18, 19, 21, 22, 24, 25, 33, 34, 37, 54, 55, 59, 62, 67, 1973, 1983, 1985, 1992], "summary": {"covered_lines": 26, "num_statements": 46, "percent_covered": 56.52173913043478, "percent_covered_display": "57", "missing_lines": 20, "excluded_lines": 0, "percent_statements_covered": 56.52173913043478, "percent_statements_covered_display": "57"}, "missing_lines": [26, 27, 31, 35, 38, 40, 41, 43, 44, 45, 47, 48, 50, 51, 52, 56, 57, 68, 69, 70], "excluded_lines": [], "functions": {"MateriaService.__init__": {"executed_lines": [17, 18, 19], "summary": {"covered_lines": 3, "num_statements": 3, "percent_covered": 100.0, "percent_covered_display": "100", "missing_lines": 0, "excluded_lines": 0, "percent_statements_covered": 100.0, "percent_statements_covered_display": "100"}, "missing_lines": [], "excluded_lines": []}, "MateriaService.list": {"executed_lines": [22], "summary": {"covered_lines": 1, "num_statements": 1, "percent_covered": 100.0, "percent_covered_display": "100", "missing_lines": 0, "excluded_lines": 0, "percent_statements_covered": 100.0, "percent_statements_covered_display": "100"}, "missing_lines": [], "excluded_lines": []}, "MateriaService.get": {"executed_lines": [25], "summary": {"covered_lines": 1, "num_statements": 4, "percent_covered": 25.0, "percent_covered_display": "25", "missing_lines": 3, "excluded_lines": 0, "percent_statements_covered": 25.0, "percent_statements_covered_display": "25"}, "missing_lines": [26, 27, 31], "excluded_lines": []}, "MateriaService.create": {"executed_lines": [34], "summary": {"covered_lines": 1, "num_statements": 2, "percent_covered": 50.0, "percent_covered_display": "50", "missing_lines": 1, "excluded_lines": 0, "percent_statements_covered": 50.0, "percent_statements_covered_display": "50"}, "missing_lines": [35], "excluded_lines": []}, "MateriaService.update": {"executed_lines": [], "summary": {"covered_lines": 0, "num_statements": 11, "percent_covered": 0.0, "percent_covered_display": "0", "missing_lines": 11, "excluded_lines": 0, "percent_statements_covered": 0.0, "percent_statements_covered_display": "0"}, "missing_lines": [38, 40, 41, 43, 44, 45, 47, 48, 50, 51, 52], "excluded_lines": []}, "MateriaService.delete": {"executed_lines": [55], "summary": {"covered_lines": 1, "num_statements": 3, "percent_covered": 33.333333333333336, "percent_covered_display": "33", "missing_lines": 2, "excluded_lines": 0, "percent_statements_covered": 33.333333333333336, "percent_statements_covered_display": "33"}, "missing_lines": [56, 57], "excluded_lines": []}, "MateriaService._ensure_unique_codigo": {"executed_lines": [62, 67], "summary": {"covered_lines": 2, "num_statements": 5, "percent_covered": 40.0, "percent_covered_display": "40", "missing_lines": 3, "excluded_lines": 0, "percent_statements_covered": 40.0, "percent_statements_covered_display": "40"}, "missing_lines": [68, 69, 70], "excluded_lines": []}, "": {"executed_lines": [1, 3, 4, 6, 7, 8, 10, 11, 12, 15, 16, 21, 24, 33, 37, 54, 59], "summary": {"covered_lines": 17, "num_statements": 17, "percent_covered": 100.0, "percent_covered_display": "100", "missing_lines": 0, "excluded_lines": 0, "percent_statements_covered": 100.0, "percent_statements_covered_display": "100"}, "missing_lines": [], "excluded_lines": []}}, "classes": {"MateriaService": {"executed_lines": [17, 18, 19, 22, 25, 34, 55, 62, 67], "summary": {"covered_lines": 9, "num_statements": 29, "percent_covered": 31.03448275862069, "percent_covered_display": "31", "missing_lines": 20, "excluded_lines": 0, "percent_statements_covered": 31.03448275862069, "percent_statements_covered_display": "31"}, "missing_lines": [26, 27, 31, 35, 38, 40, 41, 43, 44, 45, 47, 48, 50, 51, 52, 56, 57, 68, 69, 70], "excluded_lines": []}, "": {"executed_lines": [1, 3, 4, 6, 7, 8, 10, 11, 12, 15, 16, 21, 24, 33, 37, 54, 59], "summary": {"covered_lines": 17, "num_statements": 17, "percent_covered": 100.0, "percent_covered_display": "100", "missing_lines": 0, "excluded_lines": 0, "percent_statements_covered": 100.0, "percent_statements_covered_display": "100"}, "missing_lines": [], "excluded_lines": []}}}, "app\\services\\role_service.py": {"executed_lines": [1, 3, 5, 6, 8, 9, 10, 11, 14, 15, 17, 18, 19, 21, 22, 24, 25, 33, 34, 46, 47, 63, 64, 67, 68, 72, 73, 88, 89, 1973, 1983, 1985, 1992], "summary": {"covered_lines": 28, "num_statements": 49, "percent_covered": 57.142857142857146, "percent_covered_display": "57", "missing_lines": 21, "excluded_lines": 0, "percent_statements_covered": 57.142857142857146, "percent_statements_covered_display": "57"}, "missing_lines": [26, 27, 31, 35, 36, 40, 49, 50, 51, 52, 57, 65, 74, 75, 76, 81, 86, 90, 95, 96, 100], "excluded_lines": [], "functions": {"RoleService.__init__": {"executed_lines": [18, 19], "summary": {"covered_lines": 2, "num_statements": 2, "percent_covered": 100.0, "percent_covered_display": "100", "missing_lines": 0, "excluded_lines": 0, "percent_statements_covered": 100.0, "percent_statements_covered_display": "100"}, "missing_lines": [], "excluded_lines": []}, "RoleService.list_roles": {"executed_lines": [22], "summary": {"covered_lines": 1, "num_statements": 1, "percent_covered": 100.0, "percent_covered_display": "100", "missing_lines": 0, "excluded_lines": 0, "percent_statements_covered": 100.0, "percent_statements_covered_display": "100"}, "missing_lines": [], "excluded_lines": []}, "RoleService.get_role": {"executed_lines": [25], "summary": {"covered_lines": 1, "num_statements": 4, "percent_covered": 25.0, "percent_covered_display": "25", "missing_lines": 3, "excluded_lines": 0, "percent_statements_covered": 25.0, "percent_statements_covered_display": "25"}, "missing_lines": [26, 27, 31], "excluded_lines": []}, "RoleService.create_role": {"executed_lines": [34], "summary": {"covered_lines": 1, "num_statements": 4, "percent_covered": 25.0, "percent_covered_display": "25", "missing_lines": 3, "excluded_lines": 0, "percent_statements_covered": 25.0, "percent_statements_covered_display": "25"}, "missing_lines": [35, 36, 40], "excluded_lines": []}, "RoleService.update_role": {"executed_lines": [47], "summary": {"covered_lines": 1, "num_statements": 6, "percent_covered": 16.666666666666668, "percent_covered_display": "17", "missing_lines": 5, "excluded_lines": 0, "percent_statements_covered": 16.666666666666668, "percent_statements_covered_display": "17"}, "missing_lines": [49, 50, 51, 52, 57], "excluded_lines": []}, "RoleService.delete_role": {"executed_lines": [64], "summary": {"covered_lines": 1, "num_statements": 2, "percent_covered": 50.0, "percent_covered_display": "50", "missing_lines": 1, "excluded_lines": 0, "percent_statements_covered": 50.0, "percent_statements_covered_display": "50"}, "missing_lines": [65], "excluded_lines": []}, "RoleService.list_permissions": {"executed_lines": [68], "summary": {"covered_lines": 1, "num_statements": 1, "percent_covered": 100.0, "percent_covered_display": "100", "missing_lines": 0, "excluded_lines": 0, "percent_statements_covered": 100.0, "percent_statements_covered_display": "100"}, "missing_lines": [], "excluded_lines": []}, "RoleService.assign_permission": {"executed_lines": [73], "summary": {"covered_lines": 1, "num_statements": 6, "percent_covered": 16.666666666666668, "percent_covered_display": "17", "missing_lines": 5, "excluded_lines": 0, "percent_statements_covered": 16.666666666666668, "percent_statements_covered_display": "17"}, "missing_lines": [74, 75, 76, 81, 86], "excluded_lines": []}, "RoleService.remove_permission": {"executed_lines": [89], "summary": {"covered_lines": 1, "num_statements": 5, "percent_covered": 20.0, "percent_covered_display": "20", "missing_lines": 4, "excluded_lines": 0, "percent_statements_covered": 20.0, "percent_statements_covered_display": "20"}, "missing_lines": [90, 95, 96, 100], "excluded_lines": []}, "": {"executed_lines": [1, 3, 5, 6, 8, 9, 10, 11, 14, 15, 17, 21, 24, 33, 46, 63, 67, 72, 88], "summary": {"covered_lines": 18, "num_statements": 18, "percent_covered": 100.0, "percent_covered_display": "100", "missing_lines": 0, "excluded_lines": 0, "percent_statements_covered": 100.0, "percent_statements_covered_display": "100"}, "missing_lines": [], "excluded_lines": []}}, "classes": {"RoleService": {"executed_lines": [18, 19, 22, 25, 34, 47, 64, 68, 73, 89], "summary": {"covered_lines": 10, "num_statements": 31, "percent_covered": 32.25806451612903, "percent_covered_display": "32", "missing_lines": 21, "excluded_lines": 0, "percent_statements_covered": 32.25806451612903, "percent_statements_covered_display": "32"}, "missing_lines": [26, 27, 31, 35, 36, 40, 49, 50, 51, 52, 57, 65, 74, 75, 76, 81, 86, 90, 95, 96, 100], "excluded_lines": []}, "": {"executed_lines": [1, 3, 5, 6, 8, 9, 10, 11, 14, 15, 17, 21, 24, 33, 46, 63, 67, 72, 88], "summary": {"covered_lines": 18, "num_statements": 18, "percent_covered": 100.0, "percent_covered_display": "100", "missing_lines": 0, "excluded_lines": 0, "percent_statements_covered": 100.0, "percent_statements_covered_display": "100"}, "missing_lines": [], "excluded_lines": []}}}, "app\\services\\usuario_service.py": {"executed_lines": [1, 8, 10, 12, 13, 15, 16, 17, 24, 25, 27, 30, 31, 33, 36, 37, 39, 41, 42, 44, 63, 64, 65, 69, 70, 81, 82, 89, 107, 124, 127, 129, 152, 163, 164, 166, 1651, 1660, 1973, 1983, 1985, 1992], "summary": {"covered_lines": 32, "num_statements": 46, "percent_covered": 69.56521739130434, "percent_covered_display": "70", "missing_lines": 14, "excluded_lines": 0, "percent_statements_covered": 69.56521739130434, "percent_statements_covered_display": "70"}, "missing_lines": [83, 84, 85, 102, 103, 104, 105, 145, 146, 147, 148, 149, 150, 165], "excluded_lines": [], "functions": {"UsuarioService.__init__": {"executed_lines": [41, 42], "summary": {"covered_lines": 2, "num_statements": 2, "percent_covered": 100.0, "percent_covered_display": "100", "missing_lines": 0, "excluded_lines": 0, "percent_statements_covered": 100.0, "percent_statements_covered_display": "100"}, "missing_lines": [], "excluded_lines": []}, "UsuarioService.create": {"executed_lines": [63, 64, 65, 69, 70, 81, 82], "summary": {"covered_lines": 7, "num_statements": 10, "percent_covered": 70.0, "percent_covered_display": "70", "missing_lines": 3, "excluded_lines": 0, "percent_statements_covered": 70.0, "percent_statements_covered_display": "70"}, "missing_lines": [83, 84, 85], "excluded_lines": []}, "UsuarioService.get": {"executed_lines": [], "summary": {"covered_lines": 0, "num_statements": 4, "percent_covered": 0.0, "percent_covered_display": "0", "missing_lines": 4, "excluded_lines": 0, "percent_statements_covered": 0.0, "percent_statements_covered_display": "0"}, "missing_lines": [102, 103, 104, 105], "excluded_lines": []}, "UsuarioService.list": {"executed_lines": [124, 127], "summary": {"covered_lines": 2, "num_statements": 2, "percent_covered": 100.0, "percent_covered_display": "100", "missing_lines": 0, "excluded_lines": 0, "percent_statements_covered": 100.0, "percent_statements_covered_display": "100"}, "missing_lines": [], "excluded_lines": []}, "UsuarioService.update": {"executed_lines": [], "summary": {"covered_lines": 0, "num_statements": 6, "percent_covered": 0.0, "percent_covered_display": "0", "missing_lines": 6, "excluded_lines": 0, "percent_statements_covered": 0.0, "percent_statements_covered_display": "0"}, "missing_lines": [145, 146, 147, 148, 149, 150], "excluded_lines": []}, "UsuarioService.delete": {"executed_lines": [163, 164, 166], "summary": {"covered_lines": 3, "num_statements": 4, "percent_covered": 75.0, "percent_covered_display": "75", "missing_lines": 1, "excluded_lines": 0, "percent_statements_covered": 75.0, "percent_statements_covered_display": "75"}, "missing_lines": [165], "excluded_lines": []}, "": {"executed_lines": [1, 8, 10, 12, 13, 15, 16, 17, 24, 25, 27, 30, 31, 33, 36, 37, 39, 44, 89, 107, 129, 152], "summary": {"covered_lines": 18, "num_statements": 18, "percent_covered": 100.0, "percent_covered_display": "100", "missing_lines": 0, "excluded_lines": 0, "percent_statements_covered": 100.0, "percent_statements_covered_display": "100"}, "missing_lines": [], "excluded_lines": []}}, "classes": {"UsuarioAlreadyExistsError": {"executed_lines": [], "summary": {"covered_lines": 0, "num_statements": 0, "percent_covered": 100.0, "percent_covered_display": "100", "missing_lines": 0, "excluded_lines": 0, "percent_statements_covered": 100.0, "percent_statements_covered_display": "100"}, "missing_lines": [], "excluded_lines": []}, "UsuarioNotFoundError": {"executed_lines": [], "summary": {"covered_lines": 0, "num_statements": 0, "percent_covered": 100.0, "percent_covered_display": "100", "missing_lines": 0, "excluded_lines": 0, "percent_statements_covered": 100.0, "percent_statements_covered_display": "100"}, "missing_lines": [], "excluded_lines": []}, "UsuarioService": {"executed_lines": [41, 42, 63, 64, 65, 69, 70, 81, 82, 124, 127, 163, 164, 166], "summary": {"covered_lines": 14, "num_statements": 28, "percent_covered": 50.0, "percent_covered_display": "50", "missing_lines": 14, "excluded_lines": 0, "percent_statements_covered": 50.0, "percent_statements_covered_display": "50"}, "missing_lines": [83, 84, 85, 102, 103, 104, 105, 145, 146, 147, 148, 149, 150, 165], "excluded_lines": []}, "": {"executed_lines": [1, 8, 10, 12, 13, 15, 16, 17, 24, 25, 27, 30, 31, 33, 36, 37, 39, 44, 89, 107, 129, 152], "summary": {"covered_lines": 18, "num_statements": 18, "percent_covered": 100.0, "percent_covered_display": "100", "missing_lines": 0, "excluded_lines": 0, "percent_statements_covered": 100.0, "percent_statements_covered_display": "100"}, "missing_lines": [], "excluded_lines": []}}}, "app\\workers\\__init__.py": {"executed_lines": [], "summary": {"covered_lines": 0, "num_statements": 0, "percent_covered": 100.0, "percent_covered_display": "100", "missing_lines": 0, "excluded_lines": 0, "percent_statements_covered": 100.0, "percent_statements_covered_display": "100"}, "missing_lines": [], "excluded_lines": [], "functions": {"": {"executed_lines": [], "summary": {"covered_lines": 0, "num_statements": 0, "percent_covered": 100.0, "percent_covered_display": "100", "missing_lines": 0, "excluded_lines": 0, "percent_statements_covered": 100.0, "percent_statements_covered_display": "100"}, "missing_lines": [], "excluded_lines": []}}, "classes": {"": {"executed_lines": [], "summary": {"covered_lines": 0, "num_statements": 0, "percent_covered": 100.0, "percent_covered_display": "100", "missing_lines": 0, "excluded_lines": 0, "percent_statements_covered": 100.0, "percent_statements_covered_display": "100"}, "missing_lines": [], "excluded_lines": []}}}, "app\\workers\\main.py": {"executed_lines": [], "summary": {"covered_lines": 0, "num_statements": 14, "percent_covered": 0.0, "percent_covered_display": "0", "missing_lines": 14, "excluded_lines": 0, "percent_statements_covered": 0.0, "percent_statements_covered_display": "0"}, "missing_lines": [1, 3, 4, 6, 7, 10, 11, 12, 13, 14, 17, 18, 21, 22], "excluded_lines": [], "functions": {"run_worker": {"executed_lines": [], "summary": {"covered_lines": 0, "num_statements": 4, "percent_covered": 0.0, "percent_covered_display": "0", "missing_lines": 4, "excluded_lines": 0, "percent_statements_covered": 0.0, "percent_statements_covered_display": "0"}, "missing_lines": [11, 12, 13, 14], "excluded_lines": []}, "main": {"executed_lines": [], "summary": {"covered_lines": 0, "num_statements": 1, "percent_covered": 0.0, "percent_covered_display": "0", "missing_lines": 1, "excluded_lines": 0, "percent_statements_covered": 0.0, "percent_statements_covered_display": "0"}, "missing_lines": [18], "excluded_lines": []}, "": {"executed_lines": [], "summary": {"covered_lines": 0, "num_statements": 9, "percent_covered": 0.0, "percent_covered_display": "0", "missing_lines": 9, "excluded_lines": 0, "percent_statements_covered": 0.0, "percent_statements_covered_display": "0"}, "missing_lines": [1, 3, 4, 6, 7, 10, 17, 21, 22], "excluded_lines": []}}, "classes": {"": {"executed_lines": [], "summary": {"covered_lines": 0, "num_statements": 14, "percent_covered": 0.0, "percent_covered_display": "0", "missing_lines": 14, "excluded_lines": 0, "percent_statements_covered": 0.0, "percent_statements_covered_display": "0"}, "missing_lines": [1, 3, 4, 6, 7, 10, 11, 12, 13, 14, 17, 18, 21, 22], "excluded_lines": []}}}}, "totals": {"covered_lines": 1841, "num_statements": 2277, "percent_covered": 80.85199824330259, "percent_covered_display": "81", "missing_lines": 436, "excluded_lines": 1, "percent_statements_covered": 80.85199824330259, "percent_statements_covered_display": "81"}}